Using pre-set license
Built from '2020.3/staging' branch; Version is '2020.3.21f1 (a38c86f6690f) revision 10718342'; Using compiler version '192528614'; Build Type 'Release'
OS: 'Windows 10 Education; OS build 19044.1645; Version 2009; 64bit' Language: 'en' Physical Memory: 16326 MB
BatchMode: 1, IsHumanControllingUs: 0, StartBugReporterOnCrash: 0, Is64bit: 1, IsPro: 0

COMMAND LINE ARGUMENTS:
F:\GameDev\Unity\Editor\Unity.exe
-adb2
-batchMode
-noUpm
-name
AssetImportWorker2
-projectPath
F:/FinalProject/Unity/PlaceholderName
-logFile
Logs/AssetImportWorker2.log
-srvPort
55153
Successfully changed project path to: F:/FinalProject/Unity/PlaceholderName
F:/FinalProject/Unity/PlaceholderName
Using Asset Import Pipeline V2.
Refreshing native plugins compatible for Editor in 38.38 ms, found 3 plugins.
Preloading 0 native plugins for Editor in 0.00 ms.
Initialize engine version: 2020.3.21f1 (a38c86f6690f)
[Subsystems] Discovering subsystems at path F:/GameDev/Unity/Editor/Data/Resources/UnitySubsystems
[Subsystems] Discovering subsystems at path F:/FinalProject/Unity/PlaceholderName/Assets
GfxDevice: creating device client; threaded=0
Direct3D:
    Version:  Direct3D 11.0 [level 11.1]
    Renderer: NVIDIA GeForce RTX 2060 SUPER (ID=0x1f06)
    Vendor:   
    VRAM:     8031 MB
    Driver:   30.0.14.9709
Initialize mono
Mono path[0] = 'F:/GameDev/Unity/Editor/Data/Managed'
Mono path[1] = 'F:/GameDev/Unity/Editor/Data/MonoBleedingEdge/lib/mono/unityjit'
Mono config path = 'F:/GameDev/Unity/Editor/Data/MonoBleedingEdge/etc'
Using monoOptions --debugger-agent=transport=dt_socket,embedding=1,server=y,suspend=n,address=127.0.0.1:56156
Begin MonoManager ReloadAssembly
Registering precompiled unity dll's ...
Register platform support module: F:/GameDev/Unity/Editor/Data/PlaybackEngines/WindowsStandaloneSupport/UnityEditor.WindowsStandalone.Extensions.dll
Registered in 0.000766 seconds.
Native extension for WindowsStandalone target not found
Refreshing native plugins compatible for Editor in 37.55 ms, found 3 plugins.
Preloading 0 native plugins for Editor in 0.00 ms.
Mono: successfully reloaded assembly
- Completed reload, in  0.785 seconds
Domain Reload Profiling:
	ReloadAssembly (785ms)
		BeginReloadAssembly (44ms)
			ExecutionOrderSort (0ms)
			DisableScriptedObjects (0ms)
			BackupInstance (0ms)
			ReleaseScriptingObjects (0ms)
			CreateAndSetChildDomain (1ms)
		EndReloadAssembly (364ms)
			LoadAssemblies (43ms)
			RebuildTransferFunctionScriptingTraits (0ms)
			SetupTypeCache (125ms)
			ReleaseScriptCaches (0ms)
			RebuildScriptCaches (26ms)
			SetupLoadedEditorAssemblies (139ms)
				LogAssemblyErrors (0ms)
				InitializePlatformSupportModulesInManaged (3ms)
				SetLoadedEditorAssemblies (0ms)
				RefreshPlugins (38ms)
				BeforeProcessingInitializeOnLoad (13ms)
				ProcessInitializeOnLoadAttributes (63ms)
				ProcessInitializeOnLoadMethodAttributes (22ms)
				AfterProcessingInitializeOnLoad (0ms)
				EditorAssembliesLoaded (0ms)
			ExecutionOrderSort2 (0ms)
			AwakeInstancesAfterBackupRestoration (0ms)
Platform modules already initialized, skipping
Registering precompiled user dll's ...
Registered in 0.002535 seconds.
Begin MonoManager ReloadAssembly
Native extension for WindowsStandalone target not found
Refreshing native plugins compatible for Editor in 41.93 ms, found 3 plugins.
Preloading 0 native plugins for Editor in 0.00 ms.
Mono: successfully reloaded assembly
- Completed reload, in  0.943 seconds
Domain Reload Profiling:
	ReloadAssembly (943ms)
		BeginReloadAssembly (114ms)
			ExecutionOrderSort (0ms)
			DisableScriptedObjects (4ms)
			BackupInstance (0ms)
			ReleaseScriptingObjects (0ms)
			CreateAndSetChildDomain (15ms)
		EndReloadAssembly (784ms)
			LoadAssemblies (75ms)
			RebuildTransferFunctionScriptingTraits (0ms)
			SetupTypeCache (258ms)
			ReleaseScriptCaches (0ms)
			RebuildScriptCaches (44ms)
			SetupLoadedEditorAssemblies (311ms)
				LogAssemblyErrors (0ms)
				InitializePlatformSupportModulesInManaged (3ms)
				SetLoadedEditorAssemblies (0ms)
				RefreshPlugins (42ms)
				BeforeProcessingInitializeOnLoad (71ms)
				ProcessInitializeOnLoadAttributes (178ms)
				ProcessInitializeOnLoadMethodAttributes (14ms)
				AfterProcessingInitializeOnLoad (2ms)
				EditorAssembliesLoaded (0ms)
			ExecutionOrderSort2 (0ms)
			AwakeInstancesAfterBackupRestoration (5ms)
Platform modules already initialized, skipping
========================================================================
Worker process is ready to serve import requests
Launched and connected shader compiler UnityShaderCompiler.exe after 0.08 seconds
Refreshing native plugins compatible for Editor in 0.46 ms, found 3 plugins.
Preloading 0 native plugins for Editor in 0.00 ms.
Unloading 2377 Unused Serialized files (Serialized files now loaded: 0)
System memory in use before: 103.7 MB.
System memory in use after: 103.9 MB.

Unloading 29 unused Assets to reduce memory usage. Loaded Objects now: 2813.
Total: 3.064300 ms (FindLiveObjects: 0.197700 ms CreateObjectMapping: 0.088000 ms MarkObjects: 2.683900 ms  DeleteObjects: 0.093800 ms)

AssetImportParameters requested are different than current active one (requested -> active):
  custom:framework-win-MediaFoundation: 216162199b28c13a410421893ffa2e32 -> 
  custom:video-decoder-ogg-theora: a1e56fd34408186e4bbccfd4996cb3dc -> 
  custom:container-muxer-webm: aa71ff27fc2769a1b78a27578f13a17b -> 
  custom:container-demuxer-webm: 4f35f7cbe854078d1ac9338744f61a02 -> 
  custom:container-demuxer-ogg: 62fdf1f143b41e24485cea50d1cbac27 -> 
  custom:video-encoder-webm-vp8: eb34c28f22e8b96e1ab97ce403110664 -> 
  custom:video-decoder-webm-vp8: 9c59270c3fd7afecdb556c50c9e8de78 -> 
  custom:audio-decoder-ogg-vorbis: bf7c407c2cedff20999df2af8eb42d56 -> 
  custom:audio-encoder-webm-vorbis: bf7c407c2cedff20999df2af8eb42d56 -> 
========================================================================
Received Import Request.
  path: Assets/Prefabs/Ui/RequestBookPrefab.prefab
  artifactKey: Guid(1f2f88dd75a1ee247ad7c8d1ecdce8cf) Importer(815301076,1909f56bfc062723c751e8b465ee728b)
Start importing Assets/Prefabs/Ui/RequestBookPrefab.prefab using Guid(1f2f88dd75a1ee247ad7c8d1ecdce8cf) Importer(815301076,1909f56bfc062723c751e8b465ee728b)  -> (artifact id: '9b7d5a40853a8bb597ef6d9324a6c644') in 0.075039 seconds 
  Import took 0.078114 seconds .

========================================================================
Received Import Request.
  Time since last request: 189.864239 seconds.
  path: Assets/Prefabs/Ui/OrderInfoInBook.prefab
  artifactKey: Guid(65c39318f3a3d394b81936c6a2111d46) Importer(815301076,1909f56bfc062723c751e8b465ee728b)
Start importing Assets/Prefabs/Ui/OrderInfoInBook.prefab using Guid(65c39318f3a3d394b81936c6a2111d46) Importer(815301076,1909f56bfc062723c751e8b465ee728b)  -> (artifact id: '1c1abc5dddbbad5211cceddbab1f6235') in 0.005962 seconds 
  Import took 0.010195 seconds .

========================================================================
Received Import Request.
  Time since last request: 110.582282 seconds.
  path: Assets/Scripts/Managers/UiManager.cs
  artifactKey: Guid(bc2f1d5a97807a24fbc80f8cfd226041) Importer(815301076,1909f56bfc062723c751e8b465ee728b)
Start importing Assets/Scripts/Managers/UiManager.cs using Guid(bc2f1d5a97807a24fbc80f8cfd226041) Importer(815301076,1909f56bfc062723c751e8b465ee728b)  -> (artifact id: '364bd86c25f18739f724eec81ae543d0') in 0.004186 seconds 
  Import took 0.007987 seconds .

========================================================================
Received Import Request.
  Time since last request: 61.521440 seconds.
  path: Assets/Scripts/Managers/UiManager.cs
  artifactKey: Guid(bc2f1d5a97807a24fbc80f8cfd226041) Importer(815301076,1909f56bfc062723c751e8b465ee728b)
Start importing Assets/Scripts/Managers/UiManager.cs using Guid(bc2f1d5a97807a24fbc80f8cfd226041) Importer(815301076,1909f56bfc062723c751e8b465ee728b)  -> (artifact id: 'd9547c16fe5d3b38941e17601edbb3d1') in 0.001217 seconds 
  Import took 0.004704 seconds .

========================================================================
Received Import Request.
  Time since last request: 15.358932 seconds.
  path: Assets/Scripts/Managers/UiManager.cs
  artifactKey: Guid(bc2f1d5a97807a24fbc80f8cfd226041) Importer(815301076,1909f56bfc062723c751e8b465ee728b)
Start importing Assets/Scripts/Managers/UiManager.cs using Guid(bc2f1d5a97807a24fbc80f8cfd226041) Importer(815301076,1909f56bfc062723c751e8b465ee728b)  -> (artifact id: '821d2b3d5d0e939e96a484acebd52b81') in 0.001250 seconds 
  Import took 0.004583 seconds .

========================================================================
Received Import Request.
  Time since last request: 39.522483 seconds.
  path: Assets/Scripts/Managers/UiManager.cs
  artifactKey: Guid(bc2f1d5a97807a24fbc80f8cfd226041) Importer(815301076,1909f56bfc062723c751e8b465ee728b)
Start importing Assets/Scripts/Managers/UiManager.cs using Guid(bc2f1d5a97807a24fbc80f8cfd226041) Importer(815301076,1909f56bfc062723c751e8b465ee728b)  -> (artifact id: '5546ed74f699771ed7ac27f305db2280') in 0.001438 seconds 
  Import took 0.004947 seconds .

========================================================================
Received Import Request.
  Time since last request: 16.926462 seconds.
  path: Assets/Scripts/Managers/UiManager.cs
  artifactKey: Guid(bc2f1d5a97807a24fbc80f8cfd226041) Importer(815301076,1909f56bfc062723c751e8b465ee728b)
Start importing Assets/Scripts/Managers/UiManager.cs using Guid(bc2f1d5a97807a24fbc80f8cfd226041) Importer(815301076,1909f56bfc062723c751e8b465ee728b)  -> (artifact id: '42f6282492dfa6d6c9cc919a3b473324') in 0.001396 seconds 
  Import took 0.005171 seconds .

========================================================================
Received Import Request.
  Time since last request: 1.771888 seconds.
  path: Assets/Scripts/Managers/UiManager.cs
  artifactKey: Guid(bc2f1d5a97807a24fbc80f8cfd226041) Importer(815301076,1909f56bfc062723c751e8b465ee728b)
Start importing Assets/Scripts/Managers/UiManager.cs using Guid(bc2f1d5a97807a24fbc80f8cfd226041) Importer(815301076,1909f56bfc062723c751e8b465ee728b)  -> (artifact id: 'b3e66b6a3dadc4eaf3ce1055cc649ea8') in 0.001413 seconds 
  Import took 0.005676 seconds .

========================================================================
Received Import Request.
  Time since last request: 203.376201 seconds.
  path: Assets/Scripts/Managers/UiManager.cs
  artifactKey: Guid(bc2f1d5a97807a24fbc80f8cfd226041) Importer(815301076,1909f56bfc062723c751e8b465ee728b)
Start importing Assets/Scripts/Managers/UiManager.cs using Guid(bc2f1d5a97807a24fbc80f8cfd226041) Importer(815301076,1909f56bfc062723c751e8b465ee728b)  -> (artifact id: 'ae6808bd6fb0bbaa9464307ff1fb549e') in 0.001546 seconds 
  Import took 0.005235 seconds .

========================================================================
Received Import Request.
  Time since last request: 58.068396 seconds.
  path: Assets/Scripts/Managers/UiManager.cs
  artifactKey: Guid(bc2f1d5a97807a24fbc80f8cfd226041) Importer(815301076,1909f56bfc062723c751e8b465ee728b)
Start importing Assets/Scripts/Managers/UiManager.cs using Guid(bc2f1d5a97807a24fbc80f8cfd226041) Importer(815301076,1909f56bfc062723c751e8b465ee728b)  -> (artifact id: '1312edb425936c55ac3086f9e6b4ce91') in 0.001427 seconds 
  Import took 0.004647 seconds .

========================================================================
Received Import Request.
  Time since last request: 393.180294 seconds.
  path: Assets/Scripts/Managers/UiManager.cs
  artifactKey: Guid(bc2f1d5a97807a24fbc80f8cfd226041) Importer(815301076,1909f56bfc062723c751e8b465ee728b)
Start importing Assets/Scripts/Managers/UiManager.cs using Guid(bc2f1d5a97807a24fbc80f8cfd226041) Importer(815301076,1909f56bfc062723c751e8b465ee728b)  -> (artifact id: 'ba0252e9c7d8867868f5f51571991d9f') in 0.001209 seconds 
  Import took 0.005122 seconds .

========================================================================
Received Import Request.
  Time since last request: 96.379809 seconds.
  path: Assets/Scripts/Managers/UiManager.cs
  artifactKey: Guid(bc2f1d5a97807a24fbc80f8cfd226041) Importer(815301076,1909f56bfc062723c751e8b465ee728b)
Start importing Assets/Scripts/Managers/UiManager.cs using Guid(bc2f1d5a97807a24fbc80f8cfd226041) Importer(815301076,1909f56bfc062723c751e8b465ee728b)  -> (artifact id: 'fe99dc65b48f7053159a70739585491d') in 0.001349 seconds 
  Import took 0.005057 seconds .

========================================================================
Received Import Request.
  Time since last request: 26.411085 seconds.
  path: Assets/Scripts/Managers/UiManager.cs
  artifactKey: Guid(bc2f1d5a97807a24fbc80f8cfd226041) Importer(815301076,1909f56bfc062723c751e8b465ee728b)
Start importing Assets/Scripts/Managers/UiManager.cs using Guid(bc2f1d5a97807a24fbc80f8cfd226041) Importer(815301076,1909f56bfc062723c751e8b465ee728b)  -> (artifact id: 'ec7c3ed295b57acf3466d8c670bc820c') in 0.001434 seconds 
  Import took 0.004941 seconds .

========================================================================
Received Prepare
Registering precompiled user dll's ...
Registered in 0.002681 seconds.
Begin MonoManager ReloadAssembly
Native extension for WindowsStandalone target not found
Refreshing native plugins compatible for Editor in 0.44 ms, found 3 plugins.
Preloading 0 native plugins for Editor in 0.00 ms.
Mono: successfully reloaded assembly
- Completed reload, in  0.846 seconds
Domain Reload Profiling:
	ReloadAssembly (846ms)
		BeginReloadAssembly (97ms)
			ExecutionOrderSort (0ms)
			DisableScriptedObjects (5ms)
			BackupInstance (0ms)
			ReleaseScriptingObjects (0ms)
			CreateAndSetChildDomain (33ms)
		EndReloadAssembly (701ms)
			LoadAssemblies (77ms)
			RebuildTransferFunctionScriptingTraits (0ms)
			SetupTypeCache (260ms)
			ReleaseScriptCaches (1ms)
			RebuildScriptCaches (37ms)
			SetupLoadedEditorAssemblies (252ms)
				LogAssemblyErrors (0ms)
				InitializePlatformSupportModulesInManaged (4ms)
				SetLoadedEditorAssemblies (0ms)
				RefreshPlugins (0ms)
				BeforeProcessingInitializeOnLoad (62ms)
				ProcessInitializeOnLoadAttributes (175ms)
				ProcessInitializeOnLoadMethodAttributes (9ms)
				AfterProcessingInitializeOnLoad (2ms)
				EditorAssembliesLoaded (0ms)
			ExecutionOrderSort2 (0ms)
			AwakeInstancesAfterBackupRestoration (7ms)
Platform modules already initialized, skipping
Refreshing native plugins compatible for Editor in 0.48 ms, found 3 plugins.
Preloading 0 native plugins for Editor in 0.00 ms.
Unloading 2351 Unused Serialized files (Serialized files now loaded: 0)
System memory in use before: 101.8 MB.
System memory in use after: 102.0 MB.

Unloading 19 unused Assets to reduce memory usage. Loaded Objects now: 2815.
Total: 3.544600 ms (FindLiveObjects: 0.193500 ms CreateObjectMapping: 0.086100 ms MarkObjects: 3.238300 ms  DeleteObjects: 0.025800 ms)

AssetImportParameters requested are different than current active one (requested -> active):
  custom:framework-win-MediaFoundation: 216162199b28c13a410421893ffa2e32 -> 
  custom:video-decoder-ogg-theora: a1e56fd34408186e4bbccfd4996cb3dc -> 
  custom:container-muxer-webm: aa71ff27fc2769a1b78a27578f13a17b -> 
  custom:container-demuxer-webm: 4f35f7cbe854078d1ac9338744f61a02 -> 
  custom:container-demuxer-ogg: 62fdf1f143b41e24485cea50d1cbac27 -> 
  custom:video-encoder-webm-vp8: eb34c28f22e8b96e1ab97ce403110664 -> 
  custom:video-decoder-webm-vp8: 9c59270c3fd7afecdb556c50c9e8de78 -> 
  custom:audio-decoder-ogg-vorbis: bf7c407c2cedff20999df2af8eb42d56 -> 
  custom:audio-encoder-webm-vorbis: bf7c407c2cedff20999df2af8eb42d56 -> 
========================================================================
Received Import Request.
  Time since last request: 73.047338 seconds.
  path: Assets/Prefabs/Ui/OrderInfoInBook.prefab
  artifactKey: Guid(65c39318f3a3d394b81936c6a2111d46) Importer(815301076,1909f56bfc062723c751e8b465ee728b)
Start importing Assets/Prefabs/Ui/OrderInfoInBook.prefab using Guid(65c39318f3a3d394b81936c6a2111d46) Importer(815301076,1909f56bfc062723c751e8b465ee728b)  -> (artifact id: '7ef45135f6ff1a4d3cf571027510c7a9') in 0.025516 seconds 
  Import took 0.029357 seconds .

========================================================================
Received Import Request.
  Time since last request: 3.767593 seconds.
  path: Assets/Prefabs/Ui/OrderInfoInBook.prefab
  artifactKey: Guid(65c39318f3a3d394b81936c6a2111d46) Importer(815301076,1909f56bfc062723c751e8b465ee728b)
Start importing Assets/Prefabs/Ui/OrderInfoInBook.prefab using Guid(65c39318f3a3d394b81936c6a2111d46) Importer(815301076,1909f56bfc062723c751e8b465ee728b)  -> (artifact id: '4bb2107d30311eca45256556cc15ca0f') in 0.041978 seconds 
  Import took 0.045858 seconds .

========================================================================
Received Import Request.
  Time since last request: 3.185951 seconds.
  path: Assets/Prefabs/Ui/OrderInfoInBook.prefab
  artifactKey: Guid(65c39318f3a3d394b81936c6a2111d46) Importer(815301076,1909f56bfc062723c751e8b465ee728b)
Start importing Assets/Prefabs/Ui/OrderInfoInBook.prefab using Guid(65c39318f3a3d394b81936c6a2111d46) Importer(815301076,1909f56bfc062723c751e8b465ee728b)  -> (artifact id: '3898db7b62df924cd28f1fc64204ff93') in 0.021924 seconds 
  Import took 0.025302 seconds .

========================================================================
Received Import Request.
  Time since last request: 8.713002 seconds.
  path: Assets/Prefabs/Ui/OrderInfoInBook.prefab
  artifactKey: Guid(65c39318f3a3d394b81936c6a2111d46) Importer(815301076,1909f56bfc062723c751e8b465ee728b)
Start importing Assets/Prefabs/Ui/OrderInfoInBook.prefab using Guid(65c39318f3a3d394b81936c6a2111d46) Importer(815301076,1909f56bfc062723c751e8b465ee728b)  -> (artifact id: '826f780fef18c5081f48d0cecdd705a6') in 0.020983 seconds 
  Import took 0.024627 seconds .

========================================================================
Received Import Request.
  Time since last request: 0.375224 seconds.
  path: Assets/Prefabs/Ui/OrderInfoInBook.prefab
  artifactKey: Guid(65c39318f3a3d394b81936c6a2111d46) Importer(815301076,1909f56bfc062723c751e8b465ee728b)
Start importing Assets/Prefabs/Ui/OrderInfoInBook.prefab using Guid(65c39318f3a3d394b81936c6a2111d46) Importer(815301076,1909f56bfc062723c751e8b465ee728b)  -> (artifact id: '9577daac9ef24daf8b66d91235c14360') in 0.021491 seconds 
  Import took 0.025100 seconds .

========================================================================
Received Import Request.
  Time since last request: 1.800228 seconds.
  path: Assets/Prefabs/Ui/OrderInfoInBook.prefab
  artifactKey: Guid(65c39318f3a3d394b81936c6a2111d46) Importer(815301076,1909f56bfc062723c751e8b465ee728b)
Start importing Assets/Prefabs/Ui/OrderInfoInBook.prefab using Guid(65c39318f3a3d394b81936c6a2111d46) Importer(815301076,1909f56bfc062723c751e8b465ee728b)  -> (artifact id: 'bb86de104f5bf6faa8886a941e9d3bbf') in 0.019712 seconds 
  Import took 0.023841 seconds .

========================================================================
Received Import Request.
  Time since last request: 3.199584 seconds.
  path: Assets/Prefabs/Ui/OrderInfoInBook.prefab
  artifactKey: Guid(65c39318f3a3d394b81936c6a2111d46) Importer(815301076,1909f56bfc062723c751e8b465ee728b)
Start importing Assets/Prefabs/Ui/OrderInfoInBook.prefab using Guid(65c39318f3a3d394b81936c6a2111d46) Importer(815301076,1909f56bfc062723c751e8b465ee728b)  -> (artifact id: 'b7a0d85931aeb7d4ba8e1f811ef72471') in 0.020415 seconds 
  Import took 0.024340 seconds .

========================================================================
Received Import Request.
  Time since last request: 3.600538 seconds.
  path: Assets/Prefabs/Ui/OrderInfoInBook.prefab
  artifactKey: Guid(65c39318f3a3d394b81936c6a2111d46) Importer(815301076,1909f56bfc062723c751e8b465ee728b)
Start importing Assets/Prefabs/Ui/OrderInfoInBook.prefab using Guid(65c39318f3a3d394b81936c6a2111d46) Importer(815301076,1909f56bfc062723c751e8b465ee728b)  -> (artifact id: '07c047583edd1541ff39ea0a6f354374') in 0.019284 seconds 
  Import took 0.022563 seconds .

========================================================================
Received Import Request.
  Time since last request: 1.600651 seconds.
  path: Assets/Prefabs/Ui/OrderInfoInBook.prefab
  artifactKey: Guid(65c39318f3a3d394b81936c6a2111d46) Importer(815301076,1909f56bfc062723c751e8b465ee728b)
Start importing Assets/Prefabs/Ui/OrderInfoInBook.prefab using Guid(65c39318f3a3d394b81936c6a2111d46) Importer(815301076,1909f56bfc062723c751e8b465ee728b)  -> (artifact id: 'a5d84f529445a2db75f3b1ba463dd646') in 0.021090 seconds 
  Import took 0.024695 seconds .

========================================================================
Received Import Request.
  Time since last request: 1.179969 seconds.
  path: Assets/Prefabs/Ui/OrderInfoInBook.prefab
  artifactKey: Guid(65c39318f3a3d394b81936c6a2111d46) Importer(815301076,1909f56bfc062723c751e8b465ee728b)
Start importing Assets/Prefabs/Ui/OrderInfoInBook.prefab using Guid(65c39318f3a3d394b81936c6a2111d46) Importer(815301076,1909f56bfc062723c751e8b465ee728b)  -> (artifact id: '89329a2f39294e1bbbc8eff99bacb794') in 0.019158 seconds 
  Import took 0.022533 seconds .

========================================================================
Received Import Request.
  Time since last request: 0.383759 seconds.
  path: Assets/Prefabs/Ui/OrderInfoInBook.prefab
  artifactKey: Guid(65c39318f3a3d394b81936c6a2111d46) Importer(815301076,1909f56bfc062723c751e8b465ee728b)
Start importing Assets/Prefabs/Ui/OrderInfoInBook.prefab using Guid(65c39318f3a3d394b81936c6a2111d46) Importer(815301076,1909f56bfc062723c751e8b465ee728b)  -> (artifact id: '3870f542a89086f9c6fe9e661441a1be') in 0.019355 seconds 
  Import took 0.022748 seconds .

========================================================================
Received Import Request.
  Time since last request: 8.890777 seconds.
  path: Assets/Prefabs/Ui/OrderInfoInBook.prefab
  artifactKey: Guid(65c39318f3a3d394b81936c6a2111d46) Importer(815301076,1909f56bfc062723c751e8b465ee728b)
Start importing Assets/Prefabs/Ui/OrderInfoInBook.prefab using Guid(65c39318f3a3d394b81936c6a2111d46) Importer(815301076,1909f56bfc062723c751e8b465ee728b)  -> (artifact id: '6cb46f7e66d044c2e47175131a8b7d52') in 0.021204 seconds 
  Import took 0.024743 seconds .

========================================================================
Received Import Request.
  Time since last request: 4.009229 seconds.
  path: Assets/Prefabs/Ui/OrderInfoInBook.prefab
  artifactKey: Guid(65c39318f3a3d394b81936c6a2111d46) Importer(815301076,1909f56bfc062723c751e8b465ee728b)
Start importing Assets/Prefabs/Ui/OrderInfoInBook.prefab using Guid(65c39318f3a3d394b81936c6a2111d46) Importer(815301076,1909f56bfc062723c751e8b465ee728b)  -> (artifact id: 'ac1ae7ab32ca18849112ec763139f210') in 0.021342 seconds 
  Import took 0.025017 seconds .

========================================================================
Received Import Request.
  Time since last request: 6.100570 seconds.
  path: Assets/Prefabs/Ui/OrderInfoInBook.prefab
  artifactKey: Guid(65c39318f3a3d394b81936c6a2111d46) Importer(815301076,1909f56bfc062723c751e8b465ee728b)
Start importing Assets/Prefabs/Ui/OrderInfoInBook.prefab using Guid(65c39318f3a3d394b81936c6a2111d46) Importer(815301076,1909f56bfc062723c751e8b465ee728b)  -> (artifact id: 'fadd8f503b5b0e15216f9cea6ab5cdfc') in 0.021301 seconds 
  Import took 0.024603 seconds .

========================================================================
Received Import Request.
  Time since last request: 4.986198 seconds.
  path: Assets/Prefabs/Ui/OrderInfoInBook.prefab
  artifactKey: Guid(65c39318f3a3d394b81936c6a2111d46) Importer(815301076,1909f56bfc062723c751e8b465ee728b)
Start importing Assets/Prefabs/Ui/OrderInfoInBook.prefab using Guid(65c39318f3a3d394b81936c6a2111d46) Importer(815301076,1909f56bfc062723c751e8b465ee728b)  -> (artifact id: 'c85a592acdfe3134eaab5f9dce2c7104') in 0.021057 seconds 
  Import took 0.024664 seconds .

========================================================================
Received Import Request.
  Time since last request: 7.300091 seconds.
  path: Assets/Prefabs/Ui/OrderInfoInBook.prefab
  artifactKey: Guid(65c39318f3a3d394b81936c6a2111d46) Importer(815301076,1909f56bfc062723c751e8b465ee728b)
Start importing Assets/Prefabs/Ui/OrderInfoInBook.prefab using Guid(65c39318f3a3d394b81936c6a2111d46) Importer(815301076,1909f56bfc062723c751e8b465ee728b)  -> (artifact id: '3d0c570447637c0b4b512055fd69b984') in 0.022858 seconds 
  Import took 0.026238 seconds .

========================================================================
Received Import Request.
  Time since last request: 7.458242 seconds.
  path: Assets/Prefabs/Ui/OrderInfoInBook.prefab
  artifactKey: Guid(65c39318f3a3d394b81936c6a2111d46) Importer(815301076,1909f56bfc062723c751e8b465ee728b)
Start importing Assets/Prefabs/Ui/OrderInfoInBook.prefab using Guid(65c39318f3a3d394b81936c6a2111d46) Importer(815301076,1909f56bfc062723c751e8b465ee728b)  -> (artifact id: 'fc4ebe61ed196cbdbb15ff53abf4a8c5') in 0.020284 seconds 
  Import took 0.023890 seconds .

========================================================================
Received Import Request.
  Time since last request: 12.753922 seconds.
  path: Assets/Prefabs/Ui/OrderInfoInBook.prefab
  artifactKey: Guid(65c39318f3a3d394b81936c6a2111d46) Importer(815301076,1909f56bfc062723c751e8b465ee728b)
Start importing Assets/Prefabs/Ui/OrderInfoInBook.prefab using Guid(65c39318f3a3d394b81936c6a2111d46) Importer(815301076,1909f56bfc062723c751e8b465ee728b)  -> (artifact id: '5ea57453f68708b72504c746983630ce') in 0.021458 seconds 
  Import took 0.025004 seconds .

========================================================================
Received Import Request.
  Time since last request: 10.061448 seconds.
  path: Assets/Prefabs/Ui/OrderInfoInBook.prefab
  artifactKey: Guid(65c39318f3a3d394b81936c6a2111d46) Importer(815301076,1909f56bfc062723c751e8b465ee728b)
Start importing Assets/Prefabs/Ui/OrderInfoInBook.prefab using Guid(65c39318f3a3d394b81936c6a2111d46) Importer(815301076,1909f56bfc062723c751e8b465ee728b)  -> (artifact id: '386c082b5f4c75e995bf864625e6d766') in 0.020030 seconds 
  Import took 0.023436 seconds .

========================================================================
Received Import Request.
  Time since last request: 0.773893 seconds.
  path: Assets/Prefabs/Ui/OrderInfoInBook.prefab
  artifactKey: Guid(65c39318f3a3d394b81936c6a2111d46) Importer(815301076,1909f56bfc062723c751e8b465ee728b)
Start importing Assets/Prefabs/Ui/OrderInfoInBook.prefab using Guid(65c39318f3a3d394b81936c6a2111d46) Importer(815301076,1909f56bfc062723c751e8b465ee728b)  -> (artifact id: '95bdfbcfe7f9d021f37f52fa06d65d37') in 0.022206 seconds 
  Import took 0.025639 seconds .

========================================================================
Received Import Request.
  Time since last request: 9.545170 seconds.
  path: Assets/Prefabs/Ui/OrderInfoInBook.prefab
  artifactKey: Guid(65c39318f3a3d394b81936c6a2111d46) Importer(815301076,1909f56bfc062723c751e8b465ee728b)
Start importing Assets/Prefabs/Ui/OrderInfoInBook.prefab using Guid(65c39318f3a3d394b81936c6a2111d46) Importer(815301076,1909f56bfc062723c751e8b465ee728b)  -> (artifact id: '33aaff201c1388d8c2c5b82af7d3d7a9') in 0.020657 seconds 
  Import took 0.025146 seconds .

========================================================================
Received Import Request.
  Time since last request: 2.795361 seconds.
  path: Assets/Prefabs/Ui/OrderInfoInBook.prefab
  artifactKey: Guid(65c39318f3a3d394b81936c6a2111d46) Importer(815301076,1909f56bfc062723c751e8b465ee728b)
Start importing Assets/Prefabs/Ui/OrderInfoInBook.prefab using Guid(65c39318f3a3d394b81936c6a2111d46) Importer(815301076,1909f56bfc062723c751e8b465ee728b)  -> (artifact id: '6f6f8bd0fe27f8e3d70c6e307df77c9e') in 0.019602 seconds 
  Import took 0.023209 seconds .

========================================================================
Received Import Request.
  Time since last request: 13.543534 seconds.
  path: Assets/Prefabs/Ui/OrderInfoInBook.prefab
  artifactKey: Guid(65c39318f3a3d394b81936c6a2111d46) Importer(815301076,1909f56bfc062723c751e8b465ee728b)
Start importing Assets/Prefabs/Ui/OrderInfoInBook.prefab using Guid(65c39318f3a3d394b81936c6a2111d46) Importer(815301076,1909f56bfc062723c751e8b465ee728b)  -> (artifact id: '05aa3ebed24cb991025db4860195cb4a') in 0.021449 seconds 
  Import took 0.025517 seconds .

========================================================================
Received Import Request.
  Time since last request: 2.424596 seconds.
  path: Assets/Prefabs/Ui/OrderInfoInBook.prefab
  artifactKey: Guid(65c39318f3a3d394b81936c6a2111d46) Importer(815301076,1909f56bfc062723c751e8b465ee728b)
Start importing Assets/Prefabs/Ui/OrderInfoInBook.prefab using Guid(65c39318f3a3d394b81936c6a2111d46) Importer(815301076,1909f56bfc062723c751e8b465ee728b)  -> (artifact id: '6fc42959f95d0bd12daf76b1cf3659c7') in 0.020695 seconds 
  Import took 0.024748 seconds .

========================================================================
Received Import Request.
  Time since last request: 2.403577 seconds.
  path: Assets/Prefabs/Ui/OrderInfoInBook.prefab
  artifactKey: Guid(65c39318f3a3d394b81936c6a2111d46) Importer(815301076,1909f56bfc062723c751e8b465ee728b)
Start importing Assets/Prefabs/Ui/OrderInfoInBook.prefab using Guid(65c39318f3a3d394b81936c6a2111d46) Importer(815301076,1909f56bfc062723c751e8b465ee728b)  -> (artifact id: '91ae50187bfa28b7945fc5323251f231') in 0.019781 seconds 
  Import took 0.023185 seconds .

========================================================================
Received Import Request.
  Time since last request: 2.204534 seconds.
  path: Assets/Prefabs/Ui/OrderInfoInBook.prefab
  artifactKey: Guid(65c39318f3a3d394b81936c6a2111d46) Importer(815301076,1909f56bfc062723c751e8b465ee728b)
Start importing Assets/Prefabs/Ui/OrderInfoInBook.prefab using Guid(65c39318f3a3d394b81936c6a2111d46) Importer(815301076,1909f56bfc062723c751e8b465ee728b)  -> (artifact id: '9c9cdf5cd0e8506d6f53a081e92c96f8') in 0.019124 seconds 
  Import took 0.023255 seconds .

========================================================================
Received Import Request.
  Time since last request: 4.830677 seconds.
  path: Assets/Prefabs/Ui/OrderInfoInBook.prefab
  artifactKey: Guid(65c39318f3a3d394b81936c6a2111d46) Importer(815301076,1909f56bfc062723c751e8b465ee728b)
Start importing Assets/Prefabs/Ui/OrderInfoInBook.prefab using Guid(65c39318f3a3d394b81936c6a2111d46) Importer(815301076,1909f56bfc062723c751e8b465ee728b)  -> (artifact id: 'a7c333a7c73f941dcf099ca9a01d235b') in 0.021897 seconds 
  Import took 0.025598 seconds .

========================================================================
Received Import Request.
  Time since last request: 10.455887 seconds.
  path: Assets/Prefabs/Ui/OrderInfoInBook.prefab
  artifactKey: Guid(65c39318f3a3d394b81936c6a2111d46) Importer(815301076,1909f56bfc062723c751e8b465ee728b)
Start importing Assets/Prefabs/Ui/OrderInfoInBook.prefab using Guid(65c39318f3a3d394b81936c6a2111d46) Importer(815301076,1909f56bfc062723c751e8b465ee728b)  -> (artifact id: '1c22e23a3e022bad97f5e35db4b40ad6') in 0.021506 seconds 
  Import took 0.024830 seconds .

========================================================================
Received Import Request.
  Time since last request: 3.626304 seconds.
  path: Assets/Prefabs/Ui/OrderInfoInBook.prefab
  artifactKey: Guid(65c39318f3a3d394b81936c6a2111d46) Importer(815301076,1909f56bfc062723c751e8b465ee728b)
Start importing Assets/Prefabs/Ui/OrderInfoInBook.prefab using Guid(65c39318f3a3d394b81936c6a2111d46) Importer(815301076,1909f56bfc062723c751e8b465ee728b)  -> (artifact id: 'ea71525d3ad016995e90df896d5190b2') in 0.023230 seconds 
  Import took 0.027109 seconds .

========================================================================
Received Import Request.
  Time since last request: 1.359197 seconds.
  path: Assets/Prefabs/Ui/OrderInfoInBook.prefab
  artifactKey: Guid(65c39318f3a3d394b81936c6a2111d46) Importer(815301076,1909f56bfc062723c751e8b465ee728b)
Start importing Assets/Prefabs/Ui/OrderInfoInBook.prefab using Guid(65c39318f3a3d394b81936c6a2111d46) Importer(815301076,1909f56bfc062723c751e8b465ee728b)  -> (artifact id: '8edbe95de1e8eab71ce205b5f8c7a54a') in 0.020180 seconds 
  Import took 0.023567 seconds .

========================================================================
Received Import Request.
  Time since last request: 0.794218 seconds.
  path: Assets/Prefabs/Ui/OrderInfoInBook.prefab
  artifactKey: Guid(65c39318f3a3d394b81936c6a2111d46) Importer(815301076,1909f56bfc062723c751e8b465ee728b)
Start importing Assets/Prefabs/Ui/OrderInfoInBook.prefab using Guid(65c39318f3a3d394b81936c6a2111d46) Importer(815301076,1909f56bfc062723c751e8b465ee728b)  -> (artifact id: 'a67f20cb061db60e1eafb1f15d9e3723') in 0.019509 seconds 
  Import took 0.023513 seconds .

========================================================================
Received Import Request.
  Time since last request: 0.776684 seconds.
  path: Assets/Prefabs/Ui/OrderInfoInBook.prefab
  artifactKey: Guid(65c39318f3a3d394b81936c6a2111d46) Importer(815301076,1909f56bfc062723c751e8b465ee728b)
Start importing Assets/Prefabs/Ui/OrderInfoInBook.prefab using Guid(65c39318f3a3d394b81936c6a2111d46) Importer(815301076,1909f56bfc062723c751e8b465ee728b)  -> (artifact id: '3b3402a3b21365e17e4db22ad7c9fc3d') in 0.018537 seconds 
  Import took 0.022095 seconds .

========================================================================
Received Import Request.
  Time since last request: 4.832179 seconds.
  path: Assets/Prefabs/Ui/OrderInfoInBook.prefab
  artifactKey: Guid(65c39318f3a3d394b81936c6a2111d46) Importer(815301076,1909f56bfc062723c751e8b465ee728b)
Start importing Assets/Prefabs/Ui/OrderInfoInBook.prefab using Guid(65c39318f3a3d394b81936c6a2111d46) Importer(815301076,1909f56bfc062723c751e8b465ee728b)  -> (artifact id: '0930aea342f514620c8b2be9380f6e2f') in 0.021210 seconds 
  Import took 0.025027 seconds .

========================================================================
Received Import Request.
  Time since last request: 0.775886 seconds.
  path: Assets/Prefabs/Ui/OrderInfoInBook.prefab
  artifactKey: Guid(65c39318f3a3d394b81936c6a2111d46) Importer(815301076,1909f56bfc062723c751e8b465ee728b)
Start importing Assets/Prefabs/Ui/OrderInfoInBook.prefab using Guid(65c39318f3a3d394b81936c6a2111d46) Importer(815301076,1909f56bfc062723c751e8b465ee728b)  -> (artifact id: '18433f451c2eaeb6b461fe2b2e009860') in 0.019547 seconds 
  Import took 0.023210 seconds .

========================================================================
Received Import Request.
  Time since last request: 0.388562 seconds.
  path: Assets/Prefabs/Ui/OrderInfoInBook.prefab
  artifactKey: Guid(65c39318f3a3d394b81936c6a2111d46) Importer(815301076,1909f56bfc062723c751e8b465ee728b)
Start importing Assets/Prefabs/Ui/OrderInfoInBook.prefab using Guid(65c39318f3a3d394b81936c6a2111d46) Importer(815301076,1909f56bfc062723c751e8b465ee728b)  -> (artifact id: '986789e2f727a9702a379e73170a16fe') in 0.020896 seconds 
  Import took 0.024285 seconds .

========================================================================
Received Import Request.
  Time since last request: 0.368224 seconds.
  path: Assets/Prefabs/Ui/OrderInfoInBook.prefab
  artifactKey: Guid(65c39318f3a3d394b81936c6a2111d46) Importer(815301076,1909f56bfc062723c751e8b465ee728b)
Start importing Assets/Prefabs/Ui/OrderInfoInBook.prefab using Guid(65c39318f3a3d394b81936c6a2111d46) Importer(815301076,1909f56bfc062723c751e8b465ee728b)  -> (artifact id: '062036ba2aec8046f6292b3813dc9945') in 0.020601 seconds 
  Import took 0.023920 seconds .

========================================================================
Received Import Request.
  Time since last request: 10.288769 seconds.
  path: Assets/Prefabs/Ui/OrderInfoInBook.prefab
  artifactKey: Guid(65c39318f3a3d394b81936c6a2111d46) Importer(815301076,1909f56bfc062723c751e8b465ee728b)
Start importing Assets/Prefabs/Ui/OrderInfoInBook.prefab using Guid(65c39318f3a3d394b81936c6a2111d46) Importer(815301076,1909f56bfc062723c751e8b465ee728b)  -> (artifact id: '5650e3728245ea83cb5a3a5569ab5c32') in 0.003554 seconds 
  Import took 0.006974 seconds .

========================================================================
Received Import Request.
  Time since last request: 147.783127 seconds.
  path: ProjectSettings/TagManager.asset
  artifactKey: Guid(00000000000000003000000000000000) Importer(815301076,1909f56bfc062723c751e8b465ee728b)
Start importing ProjectSettings/TagManager.asset using Guid(00000000000000003000000000000000) Importer(815301076,1909f56bfc062723c751e8b465ee728b)  -> (artifact id: '672848947a12183f064ed1ca05e46f9c') in 0.003388 seconds 
  Import took 0.007021 seconds .

========================================================================
Received Import Request.
  Time since last request: 24.840479 seconds.
  path: Assets/Prefabs/Ui/OrderInfoInBook.prefab
  artifactKey: Guid(65c39318f3a3d394b81936c6a2111d46) Importer(815301076,1909f56bfc062723c751e8b465ee728b)
Start importing Assets/Prefabs/Ui/OrderInfoInBook.prefab using Guid(65c39318f3a3d394b81936c6a2111d46) Importer(815301076,1909f56bfc062723c751e8b465ee728b)  -> (artifact id: '68f93b0530087313b2e60ffee32b3cc1') in 0.003566 seconds 
  Import took 0.007358 seconds .

========================================================================
Received Prepare
Registering precompiled user dll's ...
Registered in 0.002943 seconds.
Begin MonoManager ReloadAssembly
Native extension for WindowsStandalone target not found
Refreshing native plugins compatible for Editor in 0.51 ms, found 3 plugins.
Preloading 0 native plugins for Editor in 0.00 ms.
Mono: successfully reloaded assembly
- Completed reload, in  0.935 seconds
Domain Reload Profiling:
	ReloadAssembly (935ms)
		BeginReloadAssembly (106ms)
			ExecutionOrderSort (0ms)
			DisableScriptedObjects (6ms)
			BackupInstance (0ms)
			ReleaseScriptingObjects (0ms)
			CreateAndSetChildDomain (37ms)
		EndReloadAssembly (780ms)
			LoadAssemblies (86ms)
			RebuildTransferFunctionScriptingTraits (0ms)
			SetupTypeCache (282ms)
			ReleaseScriptCaches (1ms)
			RebuildScriptCaches (41ms)
			SetupLoadedEditorAssemblies (282ms)
				LogAssemblyErrors (0ms)
				InitializePlatformSupportModulesInManaged (5ms)
				SetLoadedEditorAssemblies (0ms)
				RefreshPlugins (1ms)
				BeforeProcessingInitializeOnLoad (72ms)
				ProcessInitializeOnLoadAttributes (192ms)
				ProcessInitializeOnLoadMethodAttributes (11ms)
				AfterProcessingInitializeOnLoad (2ms)
				EditorAssembliesLoaded (0ms)
			ExecutionOrderSort2 (0ms)
			AwakeInstancesAfterBackupRestoration (8ms)
Platform modules already initialized, skipping
Refreshing native plugins compatible for Editor in 0.58 ms, found 3 plugins.
Preloading 0 native plugins for Editor in 0.00 ms.
Unloading 2351 Unused Serialized files (Serialized files now loaded: 0)
System memory in use before: 101.9 MB.
System memory in use after: 102.1 MB.

Unloading 20 unused Assets to reduce memory usage. Loaded Objects now: 2817.
Total: 3.219500 ms (FindLiveObjects: 0.254700 ms CreateObjectMapping: 0.163000 ms MarkObjects: 2.777600 ms  DeleteObjects: 0.023000 ms)

AssetImportParameters requested are different than current active one (requested -> active):
  custom:framework-win-MediaFoundation: 216162199b28c13a410421893ffa2e32 -> 
  custom:video-decoder-ogg-theora: a1e56fd34408186e4bbccfd4996cb3dc -> 
  custom:container-muxer-webm: aa71ff27fc2769a1b78a27578f13a17b -> 
  custom:container-demuxer-webm: 4f35f7cbe854078d1ac9338744f61a02 -> 
  custom:container-demuxer-ogg: 62fdf1f143b41e24485cea50d1cbac27 -> 
  custom:video-encoder-webm-vp8: eb34c28f22e8b96e1ab97ce403110664 -> 
  custom:video-decoder-webm-vp8: 9c59270c3fd7afecdb556c50c9e8de78 -> 
  custom:audio-decoder-ogg-vorbis: bf7c407c2cedff20999df2af8eb42d56 -> 
  custom:audio-encoder-webm-vorbis: bf7c407c2cedff20999df2af8eb42d56 -> 
AssetImportWorkerClient::OnTransportError - code=2 error=End of file
