Using pre-set license
Built from '2020.3/staging' branch; Version is '2020.3.21f1 (a38c86f6690f) revision 10718342'; Using compiler version '192528614'; Build Type 'Release'
OS: 'Windows 10 Education; OS build 19044.1586; Version 2009; 64bit' Language: 'en' Physical Memory: 16326 MB
BatchMode: 1, IsHumanControllingUs: 0, StartBugReporterOnCrash: 0, Is64bit: 1, IsPro: 0

COMMAND LINE ARGUMENTS:
F:\GameDev\Unity\Editor\Unity.exe
-adb2
-batchMode
-noUpm
-name
AssetImportWorker0
-projectPath
F:/FinalProject/Unity/PlaceholderName
-logFile
Logs/AssetImportWorker0.log
-srvPort
62506
Successfully changed project path to: F:/FinalProject/Unity/PlaceholderName
F:/FinalProject/Unity/PlaceholderName
Using Asset Import Pipeline V2.
Refreshing native plugins compatible for Editor in 37.70 ms, found 3 plugins.
Preloading 0 native plugins for Editor in 0.00 ms.
Initialize engine version: 2020.3.21f1 (a38c86f6690f)
[Subsystems] Discovering subsystems at path F:/GameDev/Unity/Editor/Data/Resources/UnitySubsystems
[Subsystems] Discovering subsystems at path F:/FinalProject/Unity/PlaceholderName/Assets
GfxDevice: creating device client; threaded=0
Direct3D:
    Version:  Direct3D 11.0 [level 11.1]
    Renderer: NVIDIA GeForce RTX 2060 SUPER (ID=0x1f06)
    Vendor:   
    VRAM:     8031 MB
    Driver:   30.0.14.9709
Initialize mono
Mono path[0] = 'F:/GameDev/Unity/Editor/Data/Managed'
Mono path[1] = 'F:/GameDev/Unity/Editor/Data/MonoBleedingEdge/lib/mono/unityjit'
Mono config path = 'F:/GameDev/Unity/Editor/Data/MonoBleedingEdge/etc'
Using monoOptions --debugger-agent=transport=dt_socket,embedding=1,server=y,suspend=n,address=127.0.0.1:56692
Begin MonoManager ReloadAssembly
Registering precompiled unity dll's ...
Register platform support module: F:/GameDev/Unity/Editor/Data/PlaybackEngines/WindowsStandaloneSupport/UnityEditor.WindowsStandalone.Extensions.dll
Registered in 0.000770 seconds.
Native extension for WindowsStandalone target not found
Refreshing native plugins compatible for Editor in 37.31 ms, found 3 plugins.
Preloading 0 native plugins for Editor in 0.00 ms.
Mono: successfully reloaded assembly
- Completed reload, in  0.774 seconds
Domain Reload Profiling:
	ReloadAssembly (774ms)
		BeginReloadAssembly (44ms)
			ExecutionOrderSort (0ms)
			DisableScriptedObjects (0ms)
			BackupInstance (0ms)
			ReleaseScriptingObjects (0ms)
			CreateAndSetChildDomain (1ms)
		EndReloadAssembly (359ms)
			LoadAssemblies (43ms)
			RebuildTransferFunctionScriptingTraits (0ms)
			SetupTypeCache (122ms)
			ReleaseScriptCaches (0ms)
			RebuildScriptCaches (23ms)
			SetupLoadedEditorAssemblies (141ms)
				LogAssemblyErrors (0ms)
				InitializePlatformSupportModulesInManaged (3ms)
				SetLoadedEditorAssemblies (0ms)
				RefreshPlugins (37ms)
				BeforeProcessingInitializeOnLoad (13ms)
				ProcessInitializeOnLoadAttributes (64ms)
				ProcessInitializeOnLoadMethodAttributes (24ms)
				AfterProcessingInitializeOnLoad (0ms)
				EditorAssembliesLoaded (0ms)
			ExecutionOrderSort2 (0ms)
			AwakeInstancesAfterBackupRestoration (0ms)
Platform modules already initialized, skipping
Registering precompiled user dll's ...
Registered in 0.003348 seconds.
Begin MonoManager ReloadAssembly
Native extension for WindowsStandalone target not found
Refreshing native plugins compatible for Editor in 37.01 ms, found 3 plugins.
Preloading 0 native plugins for Editor in 0.00 ms.
Mono: successfully reloaded assembly
- Completed reload, in  0.921 seconds
Domain Reload Profiling:
	ReloadAssembly (922ms)
		BeginReloadAssembly (122ms)
			ExecutionOrderSort (0ms)
			DisableScriptedObjects (4ms)
			BackupInstance (0ms)
			ReleaseScriptingObjects (0ms)
			CreateAndSetChildDomain (16ms)
		EndReloadAssembly (756ms)
			LoadAssemblies (74ms)
			RebuildTransferFunctionScriptingTraits (0ms)
			SetupTypeCache (250ms)
			ReleaseScriptCaches (0ms)
			RebuildScriptCaches (44ms)
			SetupLoadedEditorAssemblies (293ms)
				LogAssemblyErrors (0ms)
				InitializePlatformSupportModulesInManaged (3ms)
				SetLoadedEditorAssemblies (0ms)
				RefreshPlugins (37ms)
				BeforeProcessingInitializeOnLoad (61ms)
				ProcessInitializeOnLoadAttributes (175ms)
				ProcessInitializeOnLoadMethodAttributes (15ms)
				AfterProcessingInitializeOnLoad (2ms)
				EditorAssembliesLoaded (0ms)
			ExecutionOrderSort2 (0ms)
			AwakeInstancesAfterBackupRestoration (5ms)
Platform modules already initialized, skipping
========================================================================
Worker process is ready to serve import requests
Launched and connected shader compiler UnityShaderCompiler.exe after 0.03 seconds
Refreshing native plugins compatible for Editor in 0.44 ms, found 3 plugins.
Preloading 0 native plugins for Editor in 0.00 ms.
Unloading 2368 Unused Serialized files (Serialized files now loaded: 0)
System memory in use before: 103.5 MB.
System memory in use after: 103.7 MB.

Unloading 29 unused Assets to reduce memory usage. Loaded Objects now: 2804.
Total: 3.008200 ms (FindLiveObjects: 0.207100 ms CreateObjectMapping: 0.085500 ms MarkObjects: 2.627100 ms  DeleteObjects: 0.087600 ms)

AssetImportParameters requested are different than current active one (requested -> active):
  custom:framework-win-MediaFoundation: 216162199b28c13a410421893ffa2e32 -> 
  custom:video-decoder-ogg-theora: a1e56fd34408186e4bbccfd4996cb3dc -> 
  custom:container-muxer-webm: aa71ff27fc2769a1b78a27578f13a17b -> 
  custom:container-demuxer-webm: 4f35f7cbe854078d1ac9338744f61a02 -> 
  custom:container-demuxer-ogg: 62fdf1f143b41e24485cea50d1cbac27 -> 
  custom:video-encoder-webm-vp8: eb34c28f22e8b96e1ab97ce403110664 -> 
  custom:video-decoder-webm-vp8: 9c59270c3fd7afecdb556c50c9e8de78 -> 
  custom:audio-decoder-ogg-vorbis: bf7c407c2cedff20999df2af8eb42d56 -> 
  custom:audio-encoder-webm-vorbis: bf7c407c2cedff20999df2af8eb42d56 -> 
========================================================================
Received Import Request.
  path: Assets/Art/Plants
  artifactKey: Guid(730336bbfde1bdf4192d3fe2ea17c28b) Importer(815301076,1909f56bfc062723c751e8b465ee728b)
Start importing Assets/Art/Plants using Guid(730336bbfde1bdf4192d3fe2ea17c28b) Importer(815301076,1909f56bfc062723c751e8b465ee728b)  -> (artifact id: 'fe21cd58bd45aed0410458c589915007') in 0.031094 seconds 
  Import took 0.037254 seconds .

========================================================================
Received Import Request.
  Time since last request: 9.361733 seconds.
  path: Assets/Art/Potions
  artifactKey: Guid(8e9a80f910a13364e94f2a4fb3a203a1) Importer(815301076,1909f56bfc062723c751e8b465ee728b)
Start importing Assets/Art/Potions using Guid(8e9a80f910a13364e94f2a4fb3a203a1) Importer(815301076,1909f56bfc062723c751e8b465ee728b)  -> (artifact id: '9ab11bb9df2cc45eb9ea6d84b67117ba') in 0.001468 seconds 
  Import took 0.005033 seconds .

========================================================================
Received Import Request.
  Time since last request: 8.356167 seconds.
  path: Assets/Art/Plants/anthurium-pink.png
  artifactKey: Guid(eed48990f97b4d24a95f53e0885327bb) Importer(815301076,1909f56bfc062723c751e8b465ee728b)
Start importing Assets/Art/Plants/anthurium-pink.png using Guid(eed48990f97b4d24a95f53e0885327bb) Importer(815301076,1909f56bfc062723c751e8b465ee728b)  -> (artifact id: '0586737ff419c35f2b8492e862a9c9a7') in 0.101278 seconds 
  Import took 0.105041 seconds .

========================================================================
Received Import Request.
  Time since last request: 0.000275 seconds.
  path: Assets/Art/Plants/ginger.png
  artifactKey: Guid(c1db756545295a9438efabc153bd9e7f) Importer(815301076,1909f56bfc062723c751e8b465ee728b)
Start importing Assets/Art/Plants/ginger.png using Guid(c1db756545295a9438efabc153bd9e7f) Importer(815301076,1909f56bfc062723c751e8b465ee728b)  -> (artifact id: '9981c5546139904d7ec9d8654102ab9d') in 0.008217 seconds 
  Import took 0.010977 seconds .

========================================================================
Received Import Request.
  Time since last request: 0.000270 seconds.
  path: Assets/Art/Plants/foxglove.png
  artifactKey: Guid(a9a076eefe83af14d83cbbd4fc1c5f8b) Importer(815301076,1909f56bfc062723c751e8b465ee728b)
Start importing Assets/Art/Plants/foxglove.png using Guid(a9a076eefe83af14d83cbbd4fc1c5f8b) Importer(815301076,1909f56bfc062723c751e8b465ee728b)  -> (artifact id: '995a8392dadf3ba66e1d81891af3aba6') in 0.009448 seconds 
  Import took 0.012589 seconds .

========================================================================
Received Import Request.
  Time since last request: 0.000300 seconds.
  path: Assets/Art/Plants/protea.png
  artifactKey: Guid(72642af877346574998add06270741ed) Importer(815301076,1909f56bfc062723c751e8b465ee728b)
Start importing Assets/Art/Plants/protea.png using Guid(72642af877346574998add06270741ed) Importer(815301076,1909f56bfc062723c751e8b465ee728b)  -> (artifact id: 'e2a06bef63acf394c1a7b470b8669ea2') in 0.016098 seconds 
  Import took 0.019586 seconds .

========================================================================
Received Import Request.
  Time since last request: 0.000271 seconds.
  path: Assets/Art/Plants/pansies.png
  artifactKey: Guid(7935abea3da291546b203e1937bf53ea) Importer(815301076,1909f56bfc062723c751e8b465ee728b)
Start importing Assets/Art/Plants/pansies.png using Guid(7935abea3da291546b203e1937bf53ea) Importer(815301076,1909f56bfc062723c751e8b465ee728b)  -> (artifact id: 'dd2b8e8755e122291872a558dd50846e') in 0.010372 seconds 
  Import took 0.030019 seconds .

========================================================================
Received Import Request.
  Time since last request: 0.000270 seconds.
  path: Assets/Art/Plants/scarletstarbromeliad.png
  artifactKey: Guid(a00d7923e602978408991f00d02d7a32) Importer(815301076,1909f56bfc062723c751e8b465ee728b)
Start importing Assets/Art/Plants/scarletstarbromeliad.png using Guid(a00d7923e602978408991f00d02d7a32) Importer(815301076,1909f56bfc062723c751e8b465ee728b)  -> (artifact id: '98754d47cb39028127ca666fbe9d97b1') in 0.009718 seconds 
  Import took 0.012817 seconds .

========================================================================
Received Import Request.
  Time since last request: 0.000347 seconds.
  path: Assets/Art/Plants/heather.png
  artifactKey: Guid(b699b50806e963c43adbb958361e986a) Importer(815301076,1909f56bfc062723c751e8b465ee728b)
Start importing Assets/Art/Plants/heather.png using Guid(b699b50806e963c43adbb958361e986a) Importer(815301076,1909f56bfc062723c751e8b465ee728b)  -> (artifact id: 'f5d21bd77053d1282145c6db583cd029') in 0.020308 seconds 
  Import took 0.024559 seconds .

========================================================================
Received Import Request.
  Time since last request: 0.000334 seconds.
  path: Assets/Art/Plants/daffodils.png
  artifactKey: Guid(21bf00a6786ba2d4297a7b7ce80441e4) Importer(815301076,1909f56bfc062723c751e8b465ee728b)
Start importing Assets/Art/Plants/daffodils.png using Guid(21bf00a6786ba2d4297a7b7ce80441e4) Importer(815301076,1909f56bfc062723c751e8b465ee728b)  -> (artifact id: '908386b36877f6bb58d68e535c2b2ff2') in 0.010543 seconds 
  Import took 0.014429 seconds .

========================================================================
Received Import Request.
  Time since last request: 28.057231 seconds.
  path: Assets/Scripts/Orders/OrderProducts/Potions/PotionA.asset
  artifactKey: Guid(969353eff34901a4fb8b34271b14817b) Importer(815301076,1909f56bfc062723c751e8b465ee728b)
Start importing Assets/Scripts/Orders/OrderProducts/Potions/PotionA.asset using Guid(969353eff34901a4fb8b34271b14817b) Importer(815301076,1909f56bfc062723c751e8b465ee728b)  -> (artifact id: '660e4a35420a14ec843d574fdf296381') in 0.004416 seconds 
  Import took 0.008405 seconds .

========================================================================
Received Import Request.
  Time since last request: 0.000309 seconds.
  path: Assets/Scripts/Orders/OrderProducts/Potions/PotionB.asset
  artifactKey: Guid(2834156feff0961458bda53a5753d3c1) Importer(815301076,1909f56bfc062723c751e8b465ee728b)
Start importing Assets/Scripts/Orders/OrderProducts/Potions/PotionB.asset using Guid(2834156feff0961458bda53a5753d3c1) Importer(815301076,1909f56bfc062723c751e8b465ee728b)  -> (artifact id: '5de4801056095533229d5629171cdc46') in 0.001686 seconds 
  Import took 0.004474 seconds .

========================================================================
Received Import Request.
  Time since last request: 14.419846 seconds.
  path: Assets/Scripts/Orders/OrderProducts/Scrolls/FireScroll.asset
  artifactKey: Guid(eca83db4ade392b4f963b973e76c884d) Importer(815301076,1909f56bfc062723c751e8b465ee728b)
Start importing Assets/Scripts/Orders/OrderProducts/Scrolls/FireScroll.asset using Guid(eca83db4ade392b4f963b973e76c884d) Importer(815301076,1909f56bfc062723c751e8b465ee728b)  -> (artifact id: 'e8bc2ab04e6fe0c453f6783eb466b681') in 0.002475 seconds 
  Import took 0.006579 seconds .

========================================================================
Received Import Request.
  Time since last request: 3.177465 seconds.
  path: Assets/Scripts/Orders/PremadeOrders/Npc1/Order1.asset
  artifactKey: Guid(ee5aea97ea989a04b91281aadd2ddc23) Importer(815301076,1909f56bfc062723c751e8b465ee728b)
Start importing Assets/Scripts/Orders/PremadeOrders/Npc1/Order1.asset using Guid(ee5aea97ea989a04b91281aadd2ddc23) Importer(815301076,1909f56bfc062723c751e8b465ee728b)  -> (artifact id: '0afb60f6606b47e6dd427af4a7f21400') in 0.018832 seconds 
  Import took 0.034903 seconds .

========================================================================
Received Import Request.
  Time since last request: 0.000308 seconds.
  path: Assets/Scripts/Orders/PremadeOrders/Npc1/Order2.asset
  artifactKey: Guid(4274e1ef57abb604c9af3a4858e7eace) Importer(815301076,1909f56bfc062723c751e8b465ee728b)
Start importing Assets/Scripts/Orders/PremadeOrders/Npc1/Order2.asset using Guid(4274e1ef57abb604c9af3a4858e7eace) Importer(815301076,1909f56bfc062723c751e8b465ee728b)  -> (artifact id: '02186cd6388eec0400b04efa68cd8e53') in 0.003070 seconds 
  Import took 0.006342 seconds .

========================================================================
Received Import Request.
  Time since last request: 0.000311 seconds.
  path: Assets/Scripts/Orders/PremadeOrders/Npc1/Order3.asset
  artifactKey: Guid(d2634443c98bbe84482b8c8af5799c86) Importer(815301076,1909f56bfc062723c751e8b465ee728b)
Start importing Assets/Scripts/Orders/PremadeOrders/Npc1/Order3.asset using Guid(d2634443c98bbe84482b8c8af5799c86) Importer(815301076,1909f56bfc062723c751e8b465ee728b)  -> (artifact id: '9480332ba6f239d7c513e0dc7773f86e') in 0.013919 seconds 
  Import took 0.022944 seconds .

========================================================================
Received Import Request.
  Time since last request: 14.327422 seconds.
  path: Assets/Scripts/Inventory/Items/Inv_Products/PotionA.asset
  artifactKey: Guid(194675b871a7b684eb99aef8364187c5) Importer(815301076,1909f56bfc062723c751e8b465ee728b)
Start importing Assets/Scripts/Inventory/Items/Inv_Products/PotionA.asset using Guid(194675b871a7b684eb99aef8364187c5) Importer(815301076,1909f56bfc062723c751e8b465ee728b)  -> (artifact id: '59c9203bb5154b27e36ea5b8e3261cbe') in 0.006621 seconds 
  Import took 0.010405 seconds .

========================================================================
Received Import Request.
  Time since last request: 37.396344 seconds.
  path: Assets/Scripts/Inventory/Items/Inv_Resources/PlantC.asset
  artifactKey: Guid(9d1b686420167f44faf4938a1afd63da) Importer(815301076,1909f56bfc062723c751e8b465ee728b)
Start importing Assets/Scripts/Inventory/Items/Inv_Resources/PlantC.asset using Guid(9d1b686420167f44faf4938a1afd63da) Importer(815301076,1909f56bfc062723c751e8b465ee728b)  -> (artifact id: 'f1579e8181d8b6246e4c53e0211d25e5') in 0.001533 seconds 
  Import took 0.014893 seconds .

========================================================================
Received Prepare
Registering precompiled user dll's ...
Registered in 0.002705 seconds.
Begin MonoManager ReloadAssembly
Native extension for WindowsStandalone target not found
Refreshing native plugins compatible for Editor in 0.52 ms, found 3 plugins.
Preloading 0 native plugins for Editor in 0.00 ms.
Mono: successfully reloaded assembly
- Completed reload, in  0.884 seconds
Domain Reload Profiling:
	ReloadAssembly (884ms)
		BeginReloadAssembly (104ms)
			ExecutionOrderSort (0ms)
			DisableScriptedObjects (5ms)
			BackupInstance (0ms)
			ReleaseScriptingObjects (0ms)
			CreateAndSetChildDomain (32ms)
		EndReloadAssembly (731ms)
			LoadAssemblies (79ms)
			RebuildTransferFunctionScriptingTraits (0ms)
			SetupTypeCache (260ms)
			ReleaseScriptCaches (1ms)
			RebuildScriptCaches (40ms)
			SetupLoadedEditorAssemblies (266ms)
				LogAssemblyErrors (0ms)
				InitializePlatformSupportModulesInManaged (4ms)
				SetLoadedEditorAssemblies (0ms)
				RefreshPlugins (1ms)
				BeforeProcessingInitializeOnLoad (69ms)
				ProcessInitializeOnLoadAttributes (181ms)
				ProcessInitializeOnLoadMethodAttributes (9ms)
				AfterProcessingInitializeOnLoad (2ms)
				EditorAssembliesLoaded (0ms)
			ExecutionOrderSort2 (0ms)
			AwakeInstancesAfterBackupRestoration (8ms)
Platform modules already initialized, skipping
Refreshing native plugins compatible for Editor in 0.49 ms, found 3 plugins.
Preloading 0 native plugins for Editor in 0.00 ms.
Unloading 2342 Unused Serialized files (Serialized files now loaded: 0)
System memory in use before: 104.5 MB.
System memory in use after: 104.7 MB.

Unloading 18 unused Assets to reduce memory usage. Loaded Objects now: 2812.
Total: 3.010000 ms (FindLiveObjects: 0.204300 ms CreateObjectMapping: 0.089900 ms MarkObjects: 2.700600 ms  DeleteObjects: 0.014400 ms)

AssetImportParameters requested are different than current active one (requested -> active):
  custom:framework-win-MediaFoundation: 216162199b28c13a410421893ffa2e32 -> 
  custom:video-decoder-ogg-theora: a1e56fd34408186e4bbccfd4996cb3dc -> 
  custom:container-muxer-webm: aa71ff27fc2769a1b78a27578f13a17b -> 
  custom:container-demuxer-webm: 4f35f7cbe854078d1ac9338744f61a02 -> 
  custom:container-demuxer-ogg: 62fdf1f143b41e24485cea50d1cbac27 -> 
  custom:video-encoder-webm-vp8: eb34c28f22e8b96e1ab97ce403110664 -> 
  custom:video-decoder-webm-vp8: 9c59270c3fd7afecdb556c50c9e8de78 -> 
  custom:audio-decoder-ogg-vorbis: bf7c407c2cedff20999df2af8eb42d56 -> 
  custom:audio-encoder-webm-vorbis: bf7c407c2cedff20999df2af8eb42d56 -> 
========================================================================
Received Prepare
Registering precompiled user dll's ...
Registered in 0.002835 seconds.
Begin MonoManager ReloadAssembly
Native extension for WindowsStandalone target not found
Refreshing native plugins compatible for Editor in 0.44 ms, found 3 plugins.
Preloading 0 native plugins for Editor in 0.00 ms.
Mono: successfully reloaded assembly
- Completed reload, in  0.839 seconds
Domain Reload Profiling:
	ReloadAssembly (840ms)
		BeginReloadAssembly (105ms)
			ExecutionOrderSort (0ms)
			DisableScriptedObjects (5ms)
			BackupInstance (0ms)
			ReleaseScriptingObjects (0ms)
			CreateAndSetChildDomain (30ms)
		EndReloadAssembly (687ms)
			LoadAssemblies (75ms)
			RebuildTransferFunctionScriptingTraits (0ms)
			SetupTypeCache (248ms)
			ReleaseScriptCaches (1ms)
			RebuildScriptCaches (38ms)
			SetupLoadedEditorAssemblies (248ms)
				LogAssemblyErrors (0ms)
				InitializePlatformSupportModulesInManaged (4ms)
				SetLoadedEditorAssemblies (0ms)
				RefreshPlugins (0ms)
				BeforeProcessingInitializeOnLoad (63ms)
				ProcessInitializeOnLoadAttributes (170ms)
				ProcessInitializeOnLoadMethodAttributes (9ms)
				AfterProcessingInitializeOnLoad (2ms)
				EditorAssembliesLoaded (0ms)
			ExecutionOrderSort2 (0ms)
			AwakeInstancesAfterBackupRestoration (7ms)
Platform modules already initialized, skipping
Refreshing native plugins compatible for Editor in 0.46 ms, found 3 plugins.
Preloading 0 native plugins for Editor in 0.00 ms.
Unloading 2342 Unused Serialized files (Serialized files now loaded: 0)
System memory in use before: 104.5 MB.
System memory in use after: 104.8 MB.

Unloading 18 unused Assets to reduce memory usage. Loaded Objects now: 2814.
Total: 2.983000 ms (FindLiveObjects: 0.193600 ms CreateObjectMapping: 0.090300 ms MarkObjects: 2.685000 ms  DeleteObjects: 0.013300 ms)

AssetImportParameters requested are different than current active one (requested -> active):
  custom:framework-win-MediaFoundation: 216162199b28c13a410421893ffa2e32 -> 
  custom:video-decoder-ogg-theora: a1e56fd34408186e4bbccfd4996cb3dc -> 
  custom:container-muxer-webm: aa71ff27fc2769a1b78a27578f13a17b -> 
  custom:container-demuxer-webm: 4f35f7cbe854078d1ac9338744f61a02 -> 
  custom:container-demuxer-ogg: 62fdf1f143b41e24485cea50d1cbac27 -> 
  custom:video-encoder-webm-vp8: eb34c28f22e8b96e1ab97ce403110664 -> 
  custom:video-decoder-webm-vp8: 9c59270c3fd7afecdb556c50c9e8de78 -> 
  custom:audio-decoder-ogg-vorbis: bf7c407c2cedff20999df2af8eb42d56 -> 
  custom:audio-encoder-webm-vorbis: bf7c407c2cedff20999df2af8eb42d56 -> 
========================================================================
Received Import Request.
  Time since last request: 289.192407 seconds.
  path: Assets/Prefabs/Ui/PotionIngrediant.prefab
  artifactKey: Guid(f1b460494a439754ea262fb36d788c9a) Importer(815301076,1909f56bfc062723c751e8b465ee728b)
Start importing Assets/Prefabs/Ui/PotionIngrediant.prefab using Guid(f1b460494a439754ea262fb36d788c9a) Importer(815301076,1909f56bfc062723c751e8b465ee728b)  -> (artifact id: '31424b6673c498cb2ada3a757bb31076') in 0.025715 seconds 
  Import took 0.029120 seconds .

========================================================================
Received Prepare
Registering precompiled user dll's ...
Registered in 0.003059 seconds.
Begin MonoManager ReloadAssembly
Native extension for WindowsStandalone target not found
Refreshing native plugins compatible for Editor in 0.71 ms, found 3 plugins.
Preloading 0 native plugins for Editor in 0.00 ms.
Mono: successfully reloaded assembly
- Completed reload, in  0.882 seconds
Domain Reload Profiling:
	ReloadAssembly (882ms)
		BeginReloadAssembly (98ms)
			ExecutionOrderSort (0ms)
			DisableScriptedObjects (5ms)
			BackupInstance (0ms)
			ReleaseScriptingObjects (0ms)
			CreateAndSetChildDomain (33ms)
		EndReloadAssembly (737ms)
			LoadAssemblies (78ms)
			RebuildTransferFunctionScriptingTraits (0ms)
			SetupTypeCache (267ms)
			ReleaseScriptCaches (1ms)
			RebuildScriptCaches (38ms)
			SetupLoadedEditorAssemblies (266ms)
				LogAssemblyErrors (0ms)
				InitializePlatformSupportModulesInManaged (4ms)
				SetLoadedEditorAssemblies (0ms)
				RefreshPlugins (1ms)
				BeforeProcessingInitializeOnLoad (68ms)
				ProcessInitializeOnLoadAttributes (180ms)
				ProcessInitializeOnLoadMethodAttributes (11ms)
				AfterProcessingInitializeOnLoad (2ms)
				EditorAssembliesLoaded (0ms)
			ExecutionOrderSort2 (0ms)
			AwakeInstancesAfterBackupRestoration (9ms)
Platform modules already initialized, skipping
Refreshing native plugins compatible for Editor in 0.45 ms, found 3 plugins.
Preloading 0 native plugins for Editor in 0.00 ms.
Unloading 2342 Unused Serialized files (Serialized files now loaded: 0)
System memory in use before: 104.6 MB.
System memory in use after: 104.8 MB.

Unloading 18 unused Assets to reduce memory usage. Loaded Objects now: 2816.
Total: 3.049000 ms (FindLiveObjects: 0.202300 ms CreateObjectMapping: 0.091600 ms MarkObjects: 2.739800 ms  DeleteObjects: 0.014100 ms)

AssetImportParameters requested are different than current active one (requested -> active):
  custom:framework-win-MediaFoundation: 216162199b28c13a410421893ffa2e32 -> 
  custom:video-decoder-ogg-theora: a1e56fd34408186e4bbccfd4996cb3dc -> 
  custom:container-muxer-webm: aa71ff27fc2769a1b78a27578f13a17b -> 
  custom:container-demuxer-webm: 4f35f7cbe854078d1ac9338744f61a02 -> 
  custom:container-demuxer-ogg: 62fdf1f143b41e24485cea50d1cbac27 -> 
  custom:video-encoder-webm-vp8: eb34c28f22e8b96e1ab97ce403110664 -> 
  custom:video-decoder-webm-vp8: 9c59270c3fd7afecdb556c50c9e8de78 -> 
  custom:audio-decoder-ogg-vorbis: bf7c407c2cedff20999df2af8eb42d56 -> 
  custom:audio-encoder-webm-vorbis: bf7c407c2cedff20999df2af8eb42d56 -> 
========================================================================
Received Import Request.
  Time since last request: 66.100156 seconds.
  path: Assets/Prefabs/Ui/PotionIngrediant.prefab
  artifactKey: Guid(f1b460494a439754ea262fb36d788c9a) Importer(815301076,1909f56bfc062723c751e8b465ee728b)
Start importing Assets/Prefabs/Ui/PotionIngrediant.prefab using Guid(f1b460494a439754ea262fb36d788c9a) Importer(815301076,1909f56bfc062723c751e8b465ee728b)  -> (artifact id: 'db7c382e7bc287eb252f41ffd23e7acd') in 0.023026 seconds 
  Import took 0.040953 seconds .

========================================================================
Received Import Request.
  Time since last request: 4.999551 seconds.
  path: Assets/Prefabs/Ui/PotionIngrediant.prefab
  artifactKey: Guid(f1b460494a439754ea262fb36d788c9a) Importer(815301076,1909f56bfc062723c751e8b465ee728b)
Start importing Assets/Prefabs/Ui/PotionIngrediant.prefab using Guid(f1b460494a439754ea262fb36d788c9a) Importer(815301076,1909f56bfc062723c751e8b465ee728b)  -> (artifact id: 'ce01fdbb796a6550646e63780e360ecc') in 0.011191 seconds 
  Import took 0.015430 seconds .

========================================================================
Received Import Request.
  Time since last request: 0.998070 seconds.
  path: Assets/Prefabs/Ui/PotionIngrediant.prefab
  artifactKey: Guid(f1b460494a439754ea262fb36d788c9a) Importer(815301076,1909f56bfc062723c751e8b465ee728b)
Start importing Assets/Prefabs/Ui/PotionIngrediant.prefab using Guid(f1b460494a439754ea262fb36d788c9a) Importer(815301076,1909f56bfc062723c751e8b465ee728b)  -> (artifact id: '639fda6389e336e529a87ffa0da110a4') in 0.003880 seconds 
  Import took 0.007998 seconds .

========================================================================
Received Import Request.
  Time since last request: 3.239815 seconds.
  path: Assets/Prefabs/Ui/PotionIngrediant.prefab
  artifactKey: Guid(f1b460494a439754ea262fb36d788c9a) Importer(815301076,1909f56bfc062723c751e8b465ee728b)
Start importing Assets/Prefabs/Ui/PotionIngrediant.prefab using Guid(f1b460494a439754ea262fb36d788c9a) Importer(815301076,1909f56bfc062723c751e8b465ee728b)  -> (artifact id: '520ce31595866cacd8e82925b71d6554') in 0.004710 seconds 
  Import took 0.008645 seconds .

========================================================================
Received Import Request.
  Time since last request: 1.824363 seconds.
  path: Assets/Prefabs/Ui/PotionIngrediant.prefab
  artifactKey: Guid(f1b460494a439754ea262fb36d788c9a) Importer(815301076,1909f56bfc062723c751e8b465ee728b)
Start importing Assets/Prefabs/Ui/PotionIngrediant.prefab using Guid(f1b460494a439754ea262fb36d788c9a) Importer(815301076,1909f56bfc062723c751e8b465ee728b)  -> (artifact id: '8377bf6a6ca75f0ec2799d8de974cbff') in 0.004245 seconds 
  Import took 0.007962 seconds .

========================================================================
Received Import Request.
  Time since last request: 6.886641 seconds.
  path: Assets/Prefabs/Ui/PotionIngrediant.prefab
  artifactKey: Guid(f1b460494a439754ea262fb36d788c9a) Importer(815301076,1909f56bfc062723c751e8b465ee728b)
Start importing Assets/Prefabs/Ui/PotionIngrediant.prefab using Guid(f1b460494a439754ea262fb36d788c9a) Importer(815301076,1909f56bfc062723c751e8b465ee728b)  -> (artifact id: 'a21b65ab499399f64de5613a2e12bdcd') in 0.003794 seconds 
  Import took 0.007862 seconds .

========================================================================
Received Import Request.
  Time since last request: 1.826706 seconds.
  path: Assets/Prefabs/Ui/PotionIngrediant.prefab
  artifactKey: Guid(f1b460494a439754ea262fb36d788c9a) Importer(815301076,1909f56bfc062723c751e8b465ee728b)
Start importing Assets/Prefabs/Ui/PotionIngrediant.prefab using Guid(f1b460494a439754ea262fb36d788c9a) Importer(815301076,1909f56bfc062723c751e8b465ee728b)  -> (artifact id: 'c9b88620b07b820bc092a89efb854efe') in 0.003574 seconds 
  Import took 0.007546 seconds .

========================================================================
Received Import Request.
  Time since last request: 1.822841 seconds.
  path: Assets/Prefabs/Ui/PotionIngrediant.prefab
  artifactKey: Guid(f1b460494a439754ea262fb36d788c9a) Importer(815301076,1909f56bfc062723c751e8b465ee728b)
Start importing Assets/Prefabs/Ui/PotionIngrediant.prefab using Guid(f1b460494a439754ea262fb36d788c9a) Importer(815301076,1909f56bfc062723c751e8b465ee728b)  -> (artifact id: 'c7c6d0ec85a447bbb1e2f69e019ed865') in 0.004234 seconds 
  Import took 0.007803 seconds .

========================================================================
Received Import Request.
  Time since last request: 1.652507 seconds.
  path: Assets/Prefabs/Ui/PotionIngrediant.prefab
  artifactKey: Guid(f1b460494a439754ea262fb36d788c9a) Importer(815301076,1909f56bfc062723c751e8b465ee728b)
Start importing Assets/Prefabs/Ui/PotionIngrediant.prefab using Guid(f1b460494a439754ea262fb36d788c9a) Importer(815301076,1909f56bfc062723c751e8b465ee728b)  -> (artifact id: '9dae5bdedef29276847b32054ef922d2') in 0.003060 seconds 
  Import took 0.006467 seconds .

========================================================================
Received Import Request.
  Time since last request: 20.600810 seconds.
  path: Assets/Prefabs/Ui/PotionIngrediant.prefab
  artifactKey: Guid(f1b460494a439754ea262fb36d788c9a) Importer(815301076,1909f56bfc062723c751e8b465ee728b)
Start importing Assets/Prefabs/Ui/PotionIngrediant.prefab using Guid(f1b460494a439754ea262fb36d788c9a) Importer(815301076,1909f56bfc062723c751e8b465ee728b)  -> (artifact id: '638f7d56743b07fc174a7fdc78dfba26') in 0.003870 seconds 
  Import took 0.007666 seconds .

========================================================================
Received Import Request.
  Time since last request: 19.719128 seconds.
  path: Assets/Prefabs/Ui/PotionIngrediant.prefab
  artifactKey: Guid(f1b460494a439754ea262fb36d788c9a) Importer(815301076,1909f56bfc062723c751e8b465ee728b)
Start importing Assets/Prefabs/Ui/PotionIngrediant.prefab using Guid(f1b460494a439754ea262fb36d788c9a) Importer(815301076,1909f56bfc062723c751e8b465ee728b)  -> (artifact id: '6e496f6ff49daf3032a6bb8c1523dcba') in 0.003092 seconds 
  Import took 0.006739 seconds .

========================================================================
Received Import Request.
  Time since last request: 7.305017 seconds.
  path: Assets/Prefabs/Ui/PotionIngrediant.prefab
  artifactKey: Guid(f1b460494a439754ea262fb36d788c9a) Importer(815301076,1909f56bfc062723c751e8b465ee728b)
Start importing Assets/Prefabs/Ui/PotionIngrediant.prefab using Guid(f1b460494a439754ea262fb36d788c9a) Importer(815301076,1909f56bfc062723c751e8b465ee728b)  -> (artifact id: '7ff4ef0a5beac6a9a91927644aaa808c') in 0.003979 seconds 
  Import took 0.007970 seconds .

========================================================================
Received Import Request.
  Time since last request: 6.298493 seconds.
  path: Assets/Prefabs/Ui/PotionIngrediant.prefab
  artifactKey: Guid(f1b460494a439754ea262fb36d788c9a) Importer(815301076,1909f56bfc062723c751e8b465ee728b)
Start importing Assets/Prefabs/Ui/PotionIngrediant.prefab using Guid(f1b460494a439754ea262fb36d788c9a) Importer(815301076,1909f56bfc062723c751e8b465ee728b)  -> (artifact id: '701edcb20abeaf0b376420a92a4fe022') in 0.003241 seconds 
  Import took 0.006620 seconds .

========================================================================
Received Prepare
Registering precompiled user dll's ...
Registered in 0.002639 seconds.
Begin MonoManager ReloadAssembly
Native extension for WindowsStandalone target not found
Refreshing native plugins compatible for Editor in 0.58 ms, found 3 plugins.
Preloading 0 native plugins for Editor in 0.00 ms.
Mono: successfully reloaded assembly
- Completed reload, in  0.828 seconds
Domain Reload Profiling:
	ReloadAssembly (828ms)
		BeginReloadAssembly (91ms)
			ExecutionOrderSort (0ms)
			DisableScriptedObjects (5ms)
			BackupInstance (0ms)
			ReleaseScriptingObjects (0ms)
			CreateAndSetChildDomain (31ms)
		EndReloadAssembly (692ms)
			LoadAssemblies (72ms)
			RebuildTransferFunctionScriptingTraits (0ms)
			SetupTypeCache (246ms)
			ReleaseScriptCaches (1ms)
			RebuildScriptCaches (36ms)
			SetupLoadedEditorAssemblies (257ms)
				LogAssemblyErrors (0ms)
				InitializePlatformSupportModulesInManaged (4ms)
				SetLoadedEditorAssemblies (0ms)
				RefreshPlugins (1ms)
				BeforeProcessingInitializeOnLoad (69ms)
				ProcessInitializeOnLoadAttributes (172ms)
				ProcessInitializeOnLoadMethodAttributes (9ms)
				AfterProcessingInitializeOnLoad (2ms)
				EditorAssembliesLoaded (0ms)
			ExecutionOrderSort2 (0ms)
			AwakeInstancesAfterBackupRestoration (8ms)
Platform modules already initialized, skipping
Refreshing native plugins compatible for Editor in 0.46 ms, found 3 plugins.
Preloading 0 native plugins for Editor in 0.00 ms.
Unloading 2342 Unused Serialized files (Serialized files now loaded: 0)
System memory in use before: 104.6 MB.
System memory in use after: 104.8 MB.

Unloading 18 unused Assets to reduce memory usage. Loaded Objects now: 2818.
Total: 2.797900 ms (FindLiveObjects: 0.202000 ms CreateObjectMapping: 0.089500 ms MarkObjects: 2.491500 ms  DeleteObjects: 0.014000 ms)

AssetImportParameters requested are different than current active one (requested -> active):
  custom:framework-win-MediaFoundation: 216162199b28c13a410421893ffa2e32 -> 
  custom:video-decoder-ogg-theora: a1e56fd34408186e4bbccfd4996cb3dc -> 
  custom:container-muxer-webm: aa71ff27fc2769a1b78a27578f13a17b -> 
  custom:container-demuxer-webm: 4f35f7cbe854078d1ac9338744f61a02 -> 
  custom:container-demuxer-ogg: 62fdf1f143b41e24485cea50d1cbac27 -> 
  custom:video-encoder-webm-vp8: eb34c28f22e8b96e1ab97ce403110664 -> 
  custom:video-decoder-webm-vp8: 9c59270c3fd7afecdb556c50c9e8de78 -> 
  custom:audio-decoder-ogg-vorbis: bf7c407c2cedff20999df2af8eb42d56 -> 
  custom:audio-encoder-webm-vorbis: bf7c407c2cedff20999df2af8eb42d56 -> 
========================================================================
Received Prepare
Registering precompiled user dll's ...
Registered in 0.002913 seconds.
Begin MonoManager ReloadAssembly
Native extension for WindowsStandalone target not found
Refreshing native plugins compatible for Editor in 0.47 ms, found 3 plugins.
Preloading 0 native plugins for Editor in 0.00 ms.
Mono: successfully reloaded assembly
- Completed reload, in  0.844 seconds
Domain Reload Profiling:
	ReloadAssembly (844ms)
		BeginReloadAssembly (100ms)
			ExecutionOrderSort (0ms)
			DisableScriptedObjects (6ms)
			BackupInstance (0ms)
			ReleaseScriptingObjects (0ms)
			CreateAndSetChildDomain (28ms)
		EndReloadAssembly (698ms)
			LoadAssemblies (73ms)
			RebuildTransferFunctionScriptingTraits (0ms)
			SetupTypeCache (242ms)
			ReleaseScriptCaches (1ms)
			RebuildScriptCaches (37ms)
			SetupLoadedEditorAssemblies (263ms)
				LogAssemblyErrors (0ms)
				InitializePlatformSupportModulesInManaged (4ms)
				SetLoadedEditorAssemblies (0ms)
				RefreshPlugins (1ms)
				BeforeProcessingInitializeOnLoad (64ms)
				ProcessInitializeOnLoadAttributes (182ms)
				ProcessInitializeOnLoadMethodAttributes (10ms)
				AfterProcessingInitializeOnLoad (2ms)
				EditorAssembliesLoaded (0ms)
			ExecutionOrderSort2 (0ms)
			AwakeInstancesAfterBackupRestoration (8ms)
Platform modules already initialized, skipping
Refreshing native plugins compatible for Editor in 0.46 ms, found 3 plugins.
Preloading 0 native plugins for Editor in 0.00 ms.
Unloading 2342 Unused Serialized files (Serialized files now loaded: 0)
System memory in use before: 104.5 MB.
System memory in use after: 104.7 MB.

Unloading 18 unused Assets to reduce memory usage. Loaded Objects now: 2820.
Total: 3.237800 ms (FindLiveObjects: 0.257700 ms CreateObjectMapping: 0.096600 ms MarkObjects: 2.867400 ms  DeleteObjects: 0.015400 ms)

AssetImportParameters requested are different than current active one (requested -> active):
  custom:framework-win-MediaFoundation: 216162199b28c13a410421893ffa2e32 -> 
  custom:video-decoder-ogg-theora: a1e56fd34408186e4bbccfd4996cb3dc -> 
  custom:container-muxer-webm: aa71ff27fc2769a1b78a27578f13a17b -> 
  custom:container-demuxer-webm: 4f35f7cbe854078d1ac9338744f61a02 -> 
  custom:container-demuxer-ogg: 62fdf1f143b41e24485cea50d1cbac27 -> 
  custom:video-encoder-webm-vp8: eb34c28f22e8b96e1ab97ce403110664 -> 
  custom:video-decoder-webm-vp8: 9c59270c3fd7afecdb556c50c9e8de78 -> 
  custom:audio-decoder-ogg-vorbis: bf7c407c2cedff20999df2af8eb42d56 -> 
  custom:audio-encoder-webm-vorbis: bf7c407c2cedff20999df2af8eb42d56 -> 
========================================================================
Received Prepare
Registering precompiled user dll's ...
Registered in 0.003070 seconds.
Begin MonoManager ReloadAssembly
Native extension for WindowsStandalone target not found
Refreshing native plugins compatible for Editor in 0.46 ms, found 3 plugins.
Preloading 0 native plugins for Editor in 0.00 ms.
Mono: successfully reloaded assembly
- Completed reload, in  0.851 seconds
Domain Reload Profiling:
	ReloadAssembly (851ms)
		BeginReloadAssembly (99ms)
			ExecutionOrderSort (0ms)
			DisableScriptedObjects (5ms)
			BackupInstance (0ms)
			ReleaseScriptingObjects (0ms)
			CreateAndSetChildDomain (30ms)
		EndReloadAssembly (706ms)
			LoadAssemblies (78ms)
			RebuildTransferFunctionScriptingTraits (0ms)
			SetupTypeCache (241ms)
			ReleaseScriptCaches (1ms)
			RebuildScriptCaches (39ms)
			SetupLoadedEditorAssemblies (263ms)
				LogAssemblyErrors (0ms)
				InitializePlatformSupportModulesInManaged (4ms)
				SetLoadedEditorAssemblies (0ms)
				RefreshPlugins (1ms)
				BeforeProcessingInitializeOnLoad (66ms)
				ProcessInitializeOnLoadAttributes (181ms)
				ProcessInitializeOnLoadMethodAttributes (9ms)
				AfterProcessingInitializeOnLoad (2ms)
				EditorAssembliesLoaded (0ms)
			ExecutionOrderSort2 (0ms)
			AwakeInstancesAfterBackupRestoration (8ms)
Platform modules already initialized, skipping
Refreshing native plugins compatible for Editor in 0.50 ms, found 3 plugins.
Preloading 0 native plugins for Editor in 0.00 ms.
Unloading 2342 Unused Serialized files (Serialized files now loaded: 0)
System memory in use before: 104.6 MB.
System memory in use after: 104.8 MB.

Unloading 18 unused Assets to reduce memory usage. Loaded Objects now: 2822.
Total: 3.645100 ms (FindLiveObjects: 0.313000 ms CreateObjectMapping: 0.186300 ms MarkObjects: 3.125800 ms  DeleteObjects: 0.018900 ms)

AssetImportParameters requested are different than current active one (requested -> active):
  custom:framework-win-MediaFoundation: 216162199b28c13a410421893ffa2e32 -> 
  custom:video-decoder-ogg-theora: a1e56fd34408186e4bbccfd4996cb3dc -> 
  custom:container-muxer-webm: aa71ff27fc2769a1b78a27578f13a17b -> 
  custom:container-demuxer-webm: 4f35f7cbe854078d1ac9338744f61a02 -> 
  custom:container-demuxer-ogg: 62fdf1f143b41e24485cea50d1cbac27 -> 
  custom:video-encoder-webm-vp8: eb34c28f22e8b96e1ab97ce403110664 -> 
  custom:video-decoder-webm-vp8: 9c59270c3fd7afecdb556c50c9e8de78 -> 
  custom:audio-decoder-ogg-vorbis: bf7c407c2cedff20999df2af8eb42d56 -> 
  custom:audio-encoder-webm-vorbis: bf7c407c2cedff20999df2af8eb42d56 -> 
========================================================================
Received Prepare
Registering precompiled user dll's ...
Registered in 0.002693 seconds.
Begin MonoManager ReloadAssembly
Native extension for WindowsStandalone target not found
Refreshing native plugins compatible for Editor in 0.53 ms, found 3 plugins.
Preloading 0 native plugins for Editor in 0.00 ms.
Mono: successfully reloaded assembly
- Completed reload, in  0.839 seconds
Domain Reload Profiling:
	ReloadAssembly (839ms)
		BeginReloadAssembly (118ms)
			ExecutionOrderSort (0ms)
			DisableScriptedObjects (6ms)
			BackupInstance (0ms)
			ReleaseScriptingObjects (0ms)
			CreateAndSetChildDomain (32ms)
		EndReloadAssembly (676ms)
			LoadAssemblies (74ms)
			RebuildTransferFunctionScriptingTraits (0ms)
			SetupTypeCache (241ms)
			ReleaseScriptCaches (1ms)
			RebuildScriptCaches (37ms)
			SetupLoadedEditorAssemblies (248ms)
				LogAssemblyErrors (0ms)
				InitializePlatformSupportModulesInManaged (4ms)
				SetLoadedEditorAssemblies (0ms)
				RefreshPlugins (1ms)
				BeforeProcessingInitializeOnLoad (61ms)
				ProcessInitializeOnLoadAttributes (171ms)
				ProcessInitializeOnLoadMethodAttributes (9ms)
				AfterProcessingInitializeOnLoad (2ms)
				EditorAssembliesLoaded (0ms)
			ExecutionOrderSort2 (0ms)
			AwakeInstancesAfterBackupRestoration (7ms)
Platform modules already initialized, skipping
Refreshing native plugins compatible for Editor in 0.51 ms, found 3 plugins.
Preloading 0 native plugins for Editor in 0.00 ms.
Unloading 2342 Unused Serialized files (Serialized files now loaded: 0)
System memory in use before: 104.6 MB.
System memory in use after: 104.8 MB.

Unloading 18 unused Assets to reduce memory usage. Loaded Objects now: 2824.
Total: 3.097300 ms (FindLiveObjects: 0.277100 ms CreateObjectMapping: 0.179700 ms MarkObjects: 2.622800 ms  DeleteObjects: 0.016800 ms)

AssetImportParameters requested are different than current active one (requested -> active):
  custom:framework-win-MediaFoundation: 216162199b28c13a410421893ffa2e32 -> 
  custom:video-decoder-ogg-theora: a1e56fd34408186e4bbccfd4996cb3dc -> 
  custom:container-muxer-webm: aa71ff27fc2769a1b78a27578f13a17b -> 
  custom:container-demuxer-webm: 4f35f7cbe854078d1ac9338744f61a02 -> 
  custom:container-demuxer-ogg: 62fdf1f143b41e24485cea50d1cbac27 -> 
  custom:video-encoder-webm-vp8: eb34c28f22e8b96e1ab97ce403110664 -> 
  custom:video-decoder-webm-vp8: 9c59270c3fd7afecdb556c50c9e8de78 -> 
  custom:audio-decoder-ogg-vorbis: bf7c407c2cedff20999df2af8eb42d56 -> 
  custom:audio-encoder-webm-vorbis: bf7c407c2cedff20999df2af8eb42d56 -> 
========================================================================
Received Import Request.
  Time since last request: 522.782939 seconds.
  path: Assets/Animations
  artifactKey: Guid(5c16fe9197ea75a44b3876fb716472be) Importer(815301076,1909f56bfc062723c751e8b465ee728b)
Start importing Assets/Animations using Guid(5c16fe9197ea75a44b3876fb716472be) Importer(815301076,1909f56bfc062723c751e8b465ee728b)  -> (artifact id: '2ee3c5fc45dd31520d41833872e5df77') in 0.004318 seconds 
  Import took 0.018311 seconds .

========================================================================
Received Import Request.
  Time since last request: 4.676770 seconds.
  path: Assets/Animations/Ui
  artifactKey: Guid(16ef49c3055290f499952e8b4c646d82) Importer(815301076,1909f56bfc062723c751e8b465ee728b)
Start importing Assets/Animations/Ui using Guid(16ef49c3055290f499952e8b4c646d82) Importer(815301076,1909f56bfc062723c751e8b465ee728b)  -> (artifact id: '89be5608a27e30438ffdf8d5d66d7403') in 0.001376 seconds 
  Import took 0.004892 seconds .

========================================================================
Received Import Request.
  Time since last request: 24.193021 seconds.
  path: Assets/Animations/Ui/CauldronPanel
  artifactKey: Guid(69c3c042d3476174d81f3aee03aaf0ce) Importer(815301076,1909f56bfc062723c751e8b465ee728b)
Start importing Assets/Animations/Ui/CauldronPanel using Guid(69c3c042d3476174d81f3aee03aaf0ce) Importer(815301076,1909f56bfc062723c751e8b465ee728b)  -> (artifact id: '07970ebd917fc1909e0007030377ea6e') in 0.001406 seconds 
  Import took 0.015067 seconds .

========================================================================
Received Import Request.
  Time since last request: 16.315525 seconds.
  path: Assets/Animations/Ui/CauldronPanel/CuldronController.controller
  artifactKey: Guid(22e82d7ef60030746a61e9de1026fb6c) Importer(815301076,1909f56bfc062723c751e8b465ee728b)
Start importing Assets/Animations/Ui/CauldronPanel/CuldronController.controller using Guid(22e82d7ef60030746a61e9de1026fb6c) Importer(815301076,1909f56bfc062723c751e8b465ee728b)  -> (artifact id: '13a5224a8bf088d188dbda27c3e18cd7') in 0.010760 seconds 
  Import took 0.013988 seconds .

========================================================================
Received Import Request.
  Time since last request: 4.207405 seconds.
  path: Assets/Animations/Ui/CuldronPanel
  artifactKey: Guid(69c3c042d3476174d81f3aee03aaf0ce) Importer(815301076,1909f56bfc062723c751e8b465ee728b)
Start importing Assets/Animations/Ui/CuldronPanel using Guid(69c3c042d3476174d81f3aee03aaf0ce) Importer(815301076,1909f56bfc062723c751e8b465ee728b)  -> (artifact id: '5af142049ac6933090b8a61c4e231961') in 0.001118 seconds 
  Import took 0.004371 seconds .

========================================================================
Received Import Request.
  Time since last request: 134.376271 seconds.
  path: Assets/Animations/Ui/CuldronPanel/CauldronPanel.controller
  artifactKey: Guid(a47393c8bcc8a0a4e8e48c1907434add) Importer(815301076,1909f56bfc062723c751e8b465ee728b)
Start importing Assets/Animations/Ui/CuldronPanel/CauldronPanel.controller using Guid(a47393c8bcc8a0a4e8e48c1907434add) Importer(815301076,1909f56bfc062723c751e8b465ee728b)  -> (artifact id: '6479a44ff28491cf18bc0f344a30e6ea') in 0.001635 seconds 
  Import took 0.005781 seconds .

========================================================================
Received Import Request.
  Time since last request: 15.674015 seconds.
  path: Assets/Animations/Ui/CuldronPanel/Opening.anim
  artifactKey: Guid(c1e4ec7951ad2a24facfa68fe3905774) Importer(815301076,1909f56bfc062723c751e8b465ee728b)
Start importing Assets/Animations/Ui/CuldronPanel/Opening.anim using Guid(c1e4ec7951ad2a24facfa68fe3905774) Importer(815301076,1909f56bfc062723c751e8b465ee728b)  -> (artifact id: '615629791e88d3315f79825000efceab') in 0.003024 seconds 
  Import took 0.026254 seconds .

========================================================================
Received Prepare
Registering precompiled user dll's ...
Registered in 0.002693 seconds.
Begin MonoManager ReloadAssembly
Native extension for WindowsStandalone target not found
Refreshing native plugins compatible for Editor in 0.45 ms, found 3 plugins.
Preloading 0 native plugins for Editor in 0.00 ms.
Mono: successfully reloaded assembly
- Completed reload, in  0.827 seconds
Domain Reload Profiling:
	ReloadAssembly (828ms)
		BeginReloadAssembly (101ms)
			ExecutionOrderSort (0ms)
			DisableScriptedObjects (5ms)
			BackupInstance (0ms)
			ReleaseScriptingObjects (0ms)
			CreateAndSetChildDomain (31ms)
		EndReloadAssembly (681ms)
			LoadAssemblies (74ms)
			RebuildTransferFunctionScriptingTraits (0ms)
			SetupTypeCache (239ms)
			ReleaseScriptCaches (1ms)
			RebuildScriptCaches (38ms)
			SetupLoadedEditorAssemblies (250ms)
				LogAssemblyErrors (0ms)
				InitializePlatformSupportModulesInManaged (4ms)
				SetLoadedEditorAssemblies (0ms)
				RefreshPlugins (0ms)
				BeforeProcessingInitializeOnLoad (64ms)
				ProcessInitializeOnLoadAttributes (171ms)
				ProcessInitializeOnLoadMethodAttributes (9ms)
				AfterProcessingInitializeOnLoad (2ms)
				EditorAssembliesLoaded (0ms)
			ExecutionOrderSort2 (0ms)
			AwakeInstancesAfterBackupRestoration (7ms)
Platform modules already initialized, skipping
Refreshing native plugins compatible for Editor in 0.45 ms, found 3 plugins.
Preloading 0 native plugins for Editor in 0.00 ms.
Unloading 2342 Unused Serialized files (Serialized files now loaded: 0)
System memory in use before: 104.6 MB.
System memory in use after: 104.8 MB.

Unloading 18 unused Assets to reduce memory usage. Loaded Objects now: 2826.
Total: 2.808900 ms (FindLiveObjects: 0.186700 ms CreateObjectMapping: 0.080900 ms MarkObjects: 2.527000 ms  DeleteObjects: 0.013500 ms)

AssetImportParameters requested are different than current active one (requested -> active):
  custom:framework-win-MediaFoundation: 216162199b28c13a410421893ffa2e32 -> 
  custom:video-decoder-ogg-theora: a1e56fd34408186e4bbccfd4996cb3dc -> 
  custom:container-muxer-webm: aa71ff27fc2769a1b78a27578f13a17b -> 
  custom:container-demuxer-webm: 4f35f7cbe854078d1ac9338744f61a02 -> 
  custom:container-demuxer-ogg: 62fdf1f143b41e24485cea50d1cbac27 -> 
  custom:video-encoder-webm-vp8: eb34c28f22e8b96e1ab97ce403110664 -> 
  custom:video-decoder-webm-vp8: 9c59270c3fd7afecdb556c50c9e8de78 -> 
  custom:audio-decoder-ogg-vorbis: bf7c407c2cedff20999df2af8eb42d56 -> 
  custom:audio-encoder-webm-vorbis: bf7c407c2cedff20999df2af8eb42d56 -> 
========================================================================
Received Prepare
Registering precompiled user dll's ...
Registered in 0.002744 seconds.
Begin MonoManager ReloadAssembly
Native extension for WindowsStandalone target not found
Refreshing native plugins compatible for Editor in 0.46 ms, found 3 plugins.
Preloading 0 native plugins for Editor in 0.00 ms.
Mono: successfully reloaded assembly
- Completed reload, in  0.822 seconds
Domain Reload Profiling:
	ReloadAssembly (823ms)
		BeginReloadAssembly (90ms)
			ExecutionOrderSort (0ms)
			DisableScriptedObjects (5ms)
			BackupInstance (0ms)
			ReleaseScriptingObjects (0ms)
			CreateAndSetChildDomain (29ms)
		EndReloadAssembly (687ms)
			LoadAssemblies (71ms)
			RebuildTransferFunctionScriptingTraits (0ms)
			SetupTypeCache (239ms)
			ReleaseScriptCaches (1ms)
			RebuildScriptCaches (37ms)
			SetupLoadedEditorAssemblies (258ms)
				LogAssemblyErrors (0ms)
				InitializePlatformSupportModulesInManaged (4ms)
				SetLoadedEditorAssemblies (0ms)
				RefreshPlugins (1ms)
				BeforeProcessingInitializeOnLoad (68ms)
				ProcessInitializeOnLoadAttributes (175ms)
				ProcessInitializeOnLoadMethodAttributes (9ms)
				AfterProcessingInitializeOnLoad (2ms)
				EditorAssembliesLoaded (0ms)
			ExecutionOrderSort2 (0ms)
			AwakeInstancesAfterBackupRestoration (8ms)
Platform modules already initialized, skipping
Refreshing native plugins compatible for Editor in 0.64 ms, found 3 plugins.
Preloading 0 native plugins for Editor in 0.00 ms.
Unloading 2342 Unused Serialized files (Serialized files now loaded: 0)
System memory in use before: 104.6 MB.
System memory in use after: 104.8 MB.

Unloading 18 unused Assets to reduce memory usage. Loaded Objects now: 2828.
Total: 2.960700 ms (FindLiveObjects: 0.263300 ms CreateObjectMapping: 0.128700 ms MarkObjects: 2.551700 ms  DeleteObjects: 0.016000 ms)

AssetImportParameters requested are different than current active one (requested -> active):
  custom:framework-win-MediaFoundation: 216162199b28c13a410421893ffa2e32 -> 
  custom:video-decoder-ogg-theora: a1e56fd34408186e4bbccfd4996cb3dc -> 
  custom:container-muxer-webm: aa71ff27fc2769a1b78a27578f13a17b -> 
  custom:container-demuxer-webm: 4f35f7cbe854078d1ac9338744f61a02 -> 
  custom:container-demuxer-ogg: 62fdf1f143b41e24485cea50d1cbac27 -> 
  custom:video-encoder-webm-vp8: eb34c28f22e8b96e1ab97ce403110664 -> 
  custom:video-decoder-webm-vp8: 9c59270c3fd7afecdb556c50c9e8de78 -> 
  custom:audio-decoder-ogg-vorbis: bf7c407c2cedff20999df2af8eb42d56 -> 
  custom:audio-encoder-webm-vorbis: bf7c407c2cedff20999df2af8eb42d56 -> 
========================================================================
Received Prepare
Registering precompiled user dll's ...
Registered in 0.002918 seconds.
Begin MonoManager ReloadAssembly
Native extension for WindowsStandalone target not found
Refreshing native plugins compatible for Editor in 0.64 ms, found 3 plugins.
Preloading 0 native plugins for Editor in 0.00 ms.
Mono: successfully reloaded assembly
- Completed reload, in  0.951 seconds
Domain Reload Profiling:
	ReloadAssembly (951ms)
		BeginReloadAssembly (111ms)
			ExecutionOrderSort (0ms)
			DisableScriptedObjects (6ms)
			BackupInstance (0ms)
			ReleaseScriptingObjects (0ms)
			CreateAndSetChildDomain (34ms)
		EndReloadAssembly (787ms)
			LoadAssemblies (89ms)
			RebuildTransferFunctionScriptingTraits (0ms)
			SetupTypeCache (283ms)
			ReleaseScriptCaches (1ms)
			RebuildScriptCaches (42ms)
			SetupLoadedEditorAssemblies (285ms)
				LogAssemblyErrors (0ms)
				InitializePlatformSupportModulesInManaged (5ms)
				SetLoadedEditorAssemblies (1ms)
				RefreshPlugins (1ms)
				BeforeProcessingInitializeOnLoad (71ms)
				ProcessInitializeOnLoadAttributes (195ms)
				ProcessInitializeOnLoadMethodAttributes (11ms)
				AfterProcessingInitializeOnLoad (2ms)
				EditorAssembliesLoaded (0ms)
			ExecutionOrderSort2 (0ms)
			AwakeInstancesAfterBackupRestoration (8ms)
Platform modules already initialized, skipping
Refreshing native plugins compatible for Editor in 0.56 ms, found 3 plugins.
Preloading 0 native plugins for Editor in 0.00 ms.
Unloading 2342 Unused Serialized files (Serialized files now loaded: 0)
System memory in use before: 104.5 MB.
System memory in use after: 104.8 MB.

Unloading 18 unused Assets to reduce memory usage. Loaded Objects now: 2830.
Total: 2.886200 ms (FindLiveObjects: 0.240000 ms CreateObjectMapping: 0.099000 ms MarkObjects: 2.531700 ms  DeleteObjects: 0.014400 ms)

AssetImportParameters requested are different than current active one (requested -> active):
  custom:framework-win-MediaFoundation: 216162199b28c13a410421893ffa2e32 -> 
  custom:video-decoder-ogg-theora: a1e56fd34408186e4bbccfd4996cb3dc -> 
  custom:container-muxer-webm: aa71ff27fc2769a1b78a27578f13a17b -> 
  custom:container-demuxer-webm: 4f35f7cbe854078d1ac9338744f61a02 -> 
  custom:container-demuxer-ogg: 62fdf1f143b41e24485cea50d1cbac27 -> 
  custom:video-encoder-webm-vp8: eb34c28f22e8b96e1ab97ce403110664 -> 
  custom:video-decoder-webm-vp8: 9c59270c3fd7afecdb556c50c9e8de78 -> 
  custom:audio-decoder-ogg-vorbis: bf7c407c2cedff20999df2af8eb42d56 -> 
  custom:audio-encoder-webm-vorbis: bf7c407c2cedff20999df2af8eb42d56 -> 
========================================================================
Received Import Request.
  Time since last request: 171.487077 seconds.
  path: Assets/Prefabs/Ui/PotionIngrediant.prefab
  artifactKey: Guid(f1b460494a439754ea262fb36d788c9a) Importer(815301076,1909f56bfc062723c751e8b465ee728b)
Start importing Assets/Prefabs/Ui/PotionIngrediant.prefab using Guid(f1b460494a439754ea262fb36d788c9a) Importer(815301076,1909f56bfc062723c751e8b465ee728b)  -> (artifact id: '95abb53a43073ce42d5e54c56a2d8b2b') in 0.031932 seconds 
  Import took 0.035973 seconds .

========================================================================
Received Prepare
Registering precompiled user dll's ...
Registered in 0.002992 seconds.
Begin MonoManager ReloadAssembly
Native extension for WindowsStandalone target not found
Refreshing native plugins compatible for Editor in 0.59 ms, found 3 plugins.
Preloading 0 native plugins for Editor in 0.00 ms.
Mono: successfully reloaded assembly
- Completed reload, in  0.836 seconds
Domain Reload Profiling:
	ReloadAssembly (837ms)
		BeginReloadAssembly (100ms)
			ExecutionOrderSort (0ms)
			DisableScriptedObjects (5ms)
			BackupInstance (0ms)
			ReleaseScriptingObjects (0ms)
			CreateAndSetChildDomain (29ms)
		EndReloadAssembly (693ms)
			LoadAssemblies (73ms)
			RebuildTransferFunctionScriptingTraits (0ms)
			SetupTypeCache (240ms)
			ReleaseScriptCaches (1ms)
			RebuildScriptCaches (36ms)
			SetupLoadedEditorAssemblies (259ms)
				LogAssemblyErrors (0ms)
				InitializePlatformSupportModulesInManaged (5ms)
				SetLoadedEditorAssemblies (0ms)
				RefreshPlugins (1ms)
				BeforeProcessingInitializeOnLoad (66ms)
				ProcessInitializeOnLoadAttributes (176ms)
				ProcessInitializeOnLoadMethodAttributes (9ms)
				AfterProcessingInitializeOnLoad (2ms)
				EditorAssembliesLoaded (0ms)
			ExecutionOrderSort2 (0ms)
			AwakeInstancesAfterBackupRestoration (8ms)
Platform modules already initialized, skipping
Refreshing native plugins compatible for Editor in 0.48 ms, found 3 plugins.
Preloading 0 native plugins for Editor in 0.00 ms.
Unloading 2342 Unused Serialized files (Serialized files now loaded: 0)
System memory in use before: 104.6 MB.
System memory in use after: 104.9 MB.

Unloading 18 unused Assets to reduce memory usage. Loaded Objects now: 2832.
Total: 3.296200 ms (FindLiveObjects: 0.212000 ms CreateObjectMapping: 0.099600 ms MarkObjects: 2.965200 ms  DeleteObjects: 0.018300 ms)

AssetImportParameters requested are different than current active one (requested -> active):
  custom:framework-win-MediaFoundation: 216162199b28c13a410421893ffa2e32 -> 
  custom:video-decoder-ogg-theora: a1e56fd34408186e4bbccfd4996cb3dc -> 
  custom:container-muxer-webm: aa71ff27fc2769a1b78a27578f13a17b -> 
  custom:container-demuxer-webm: 4f35f7cbe854078d1ac9338744f61a02 -> 
  custom:container-demuxer-ogg: 62fdf1f143b41e24485cea50d1cbac27 -> 
  custom:video-encoder-webm-vp8: eb34c28f22e8b96e1ab97ce403110664 -> 
  custom:video-decoder-webm-vp8: 9c59270c3fd7afecdb556c50c9e8de78 -> 
  custom:audio-decoder-ogg-vorbis: bf7c407c2cedff20999df2af8eb42d56 -> 
  custom:audio-encoder-webm-vorbis: bf7c407c2cedff20999df2af8eb42d56 -> 
========================================================================
Received Prepare
Registering precompiled user dll's ...
Registered in 0.002595 seconds.
Begin MonoManager ReloadAssembly
Native extension for WindowsStandalone target not found
Refreshing native plugins compatible for Editor in 0.45 ms, found 3 plugins.
Preloading 0 native plugins for Editor in 0.00 ms.
Mono: successfully reloaded assembly
- Completed reload, in  0.836 seconds
Domain Reload Profiling:
	ReloadAssembly (836ms)
		BeginReloadAssembly (96ms)
			ExecutionOrderSort (0ms)
			DisableScriptedObjects (5ms)
			BackupInstance (0ms)
			ReleaseScriptingObjects (0ms)
			CreateAndSetChildDomain (28ms)
		EndReloadAssembly (696ms)
			LoadAssemblies (71ms)
			RebuildTransferFunctionScriptingTraits (0ms)
			SetupTypeCache (240ms)
			ReleaseScriptCaches (1ms)
			RebuildScriptCaches (36ms)
			SetupLoadedEditorAssemblies (268ms)
				LogAssemblyErrors (0ms)
				InitializePlatformSupportModulesInManaged (4ms)
				SetLoadedEditorAssemblies (0ms)
				RefreshPlugins (0ms)
				BeforeProcessingInitializeOnLoad (69ms)
				ProcessInitializeOnLoadAttributes (182ms)
				ProcessInitializeOnLoadMethodAttributes (10ms)
				AfterProcessingInitializeOnLoad (2ms)
				EditorAssembliesLoaded (0ms)
			ExecutionOrderSort2 (0ms)
			AwakeInstancesAfterBackupRestoration (8ms)
Platform modules already initialized, skipping
Refreshing native plugins compatible for Editor in 0.47 ms, found 3 plugins.
Preloading 0 native plugins for Editor in 0.00 ms.
Unloading 2342 Unused Serialized files (Serialized files now loaded: 0)
System memory in use before: 104.6 MB.
System memory in use after: 104.9 MB.

Unloading 18 unused Assets to reduce memory usage. Loaded Objects now: 2834.
Total: 3.168100 ms (FindLiveObjects: 0.209300 ms CreateObjectMapping: 0.093900 ms MarkObjects: 2.850100 ms  DeleteObjects: 0.013900 ms)

AssetImportParameters requested are different than current active one (requested -> active):
  custom:framework-win-MediaFoundation: 216162199b28c13a410421893ffa2e32 -> 
  custom:video-decoder-ogg-theora: a1e56fd34408186e4bbccfd4996cb3dc -> 
  custom:container-muxer-webm: aa71ff27fc2769a1b78a27578f13a17b -> 
  custom:container-demuxer-webm: 4f35f7cbe854078d1ac9338744f61a02 -> 
  custom:container-demuxer-ogg: 62fdf1f143b41e24485cea50d1cbac27 -> 
  custom:video-encoder-webm-vp8: eb34c28f22e8b96e1ab97ce403110664 -> 
  custom:video-decoder-webm-vp8: 9c59270c3fd7afecdb556c50c9e8de78 -> 
  custom:audio-decoder-ogg-vorbis: bf7c407c2cedff20999df2af8eb42d56 -> 
  custom:audio-encoder-webm-vorbis: bf7c407c2cedff20999df2af8eb42d56 -> 
========================================================================
Received Prepare
Registering precompiled user dll's ...
Registered in 0.002644 seconds.
Begin MonoManager ReloadAssembly
Native extension for WindowsStandalone target not found
Refreshing native plugins compatible for Editor in 0.47 ms, found 3 plugins.
Preloading 0 native plugins for Editor in 0.00 ms.
Mono: successfully reloaded assembly
- Completed reload, in  0.844 seconds
Domain Reload Profiling:
	ReloadAssembly (844ms)
		BeginReloadAssembly (90ms)
			ExecutionOrderSort (0ms)
			DisableScriptedObjects (6ms)
			BackupInstance (0ms)
			ReleaseScriptingObjects (0ms)
			CreateAndSetChildDomain (28ms)
		EndReloadAssembly (708ms)
			LoadAssemblies (73ms)
			RebuildTransferFunctionScriptingTraits (0ms)
			SetupTypeCache (251ms)
			ReleaseScriptCaches (1ms)
			RebuildScriptCaches (38ms)
			SetupLoadedEditorAssemblies (266ms)
				LogAssemblyErrors (0ms)
				InitializePlatformSupportModulesInManaged (4ms)
				SetLoadedEditorAssemblies (0ms)
				RefreshPlugins (1ms)
				BeforeProcessingInitializeOnLoad (69ms)
				ProcessInitializeOnLoadAttributes (181ms)
				ProcessInitializeOnLoadMethodAttributes (9ms)
				AfterProcessingInitializeOnLoad (2ms)
				EditorAssembliesLoaded (0ms)
			ExecutionOrderSort2 (0ms)
			AwakeInstancesAfterBackupRestoration (7ms)
Platform modules already initialized, skipping
Refreshing native plugins compatible for Editor in 0.47 ms, found 3 plugins.
Preloading 0 native plugins for Editor in 0.00 ms.
Unloading 2342 Unused Serialized files (Serialized files now loaded: 0)
System memory in use before: 104.6 MB.
System memory in use after: 104.9 MB.

Unloading 18 unused Assets to reduce memory usage. Loaded Objects now: 2836.
Total: 2.932300 ms (FindLiveObjects: 0.197900 ms CreateObjectMapping: 0.086300 ms MarkObjects: 2.633900 ms  DeleteObjects: 0.013500 ms)

AssetImportParameters requested are different than current active one (requested -> active):
  custom:framework-win-MediaFoundation: 216162199b28c13a410421893ffa2e32 -> 
  custom:video-decoder-ogg-theora: a1e56fd34408186e4bbccfd4996cb3dc -> 
  custom:container-muxer-webm: aa71ff27fc2769a1b78a27578f13a17b -> 
  custom:container-demuxer-webm: 4f35f7cbe854078d1ac9338744f61a02 -> 
  custom:container-demuxer-ogg: 62fdf1f143b41e24485cea50d1cbac27 -> 
  custom:video-encoder-webm-vp8: eb34c28f22e8b96e1ab97ce403110664 -> 
  custom:video-decoder-webm-vp8: 9c59270c3fd7afecdb556c50c9e8de78 -> 
  custom:audio-decoder-ogg-vorbis: bf7c407c2cedff20999df2af8eb42d56 -> 
  custom:audio-encoder-webm-vorbis: bf7c407c2cedff20999df2af8eb42d56 -> 
========================================================================
Received Prepare
Registering precompiled user dll's ...
Registered in 0.002744 seconds.
Begin MonoManager ReloadAssembly
Native extension for WindowsStandalone target not found
Refreshing native plugins compatible for Editor in 0.47 ms, found 3 plugins.
Preloading 0 native plugins for Editor in 0.00 ms.
Mono: successfully reloaded assembly
- Completed reload, in  0.846 seconds
Domain Reload Profiling:
	ReloadAssembly (847ms)
		BeginReloadAssembly (95ms)
			ExecutionOrderSort (0ms)
			DisableScriptedObjects (5ms)
			BackupInstance (0ms)
			ReleaseScriptingObjects (0ms)
			CreateAndSetChildDomain (28ms)
		EndReloadAssembly (707ms)
			LoadAssemblies (73ms)
			RebuildTransferFunctionScriptingTraits (0ms)
			SetupTypeCache (264ms)
			ReleaseScriptCaches (1ms)
			RebuildScriptCaches (38ms)
			SetupLoadedEditorAssemblies (251ms)
				LogAssemblyErrors (0ms)
				InitializePlatformSupportModulesInManaged (4ms)
				SetLoadedEditorAssemblies (0ms)
				RefreshPlugins (1ms)
				BeforeProcessingInitializeOnLoad (64ms)
				ProcessInitializeOnLoadAttributes (172ms)
				ProcessInitializeOnLoadMethodAttributes (9ms)
				AfterProcessingInitializeOnLoad (2ms)
				EditorAssembliesLoaded (0ms)
			ExecutionOrderSort2 (0ms)
			AwakeInstancesAfterBackupRestoration (7ms)
Platform modules already initialized, skipping
Refreshing native plugins compatible for Editor in 0.50 ms, found 3 plugins.
Preloading 0 native plugins for Editor in 0.00 ms.
Unloading 2342 Unused Serialized files (Serialized files now loaded: 0)
System memory in use before: 104.6 MB.
System memory in use after: 104.9 MB.

Unloading 18 unused Assets to reduce memory usage. Loaded Objects now: 2838.
Total: 2.737700 ms (FindLiveObjects: 0.205900 ms CreateObjectMapping: 0.093000 ms MarkObjects: 2.424100 ms  DeleteObjects: 0.013900 ms)

AssetImportParameters requested are different than current active one (requested -> active):
  custom:framework-win-MediaFoundation: 216162199b28c13a410421893ffa2e32 -> 
  custom:video-decoder-ogg-theora: a1e56fd34408186e4bbccfd4996cb3dc -> 
  custom:container-muxer-webm: aa71ff27fc2769a1b78a27578f13a17b -> 
  custom:container-demuxer-webm: 4f35f7cbe854078d1ac9338744f61a02 -> 
  custom:container-demuxer-ogg: 62fdf1f143b41e24485cea50d1cbac27 -> 
  custom:video-encoder-webm-vp8: eb34c28f22e8b96e1ab97ce403110664 -> 
  custom:video-decoder-webm-vp8: 9c59270c3fd7afecdb556c50c9e8de78 -> 
  custom:audio-decoder-ogg-vorbis: bf7c407c2cedff20999df2af8eb42d56 -> 
  custom:audio-encoder-webm-vorbis: bf7c407c2cedff20999df2af8eb42d56 -> 
========================================================================
Received Import Request.
  Time since last request: 431.577920 seconds.
  path: Assets/Art/Potions/CondensedPotion01.png
  artifactKey: Guid(cce8eace096bab348830cc5152e0060b) Importer(815301076,1909f56bfc062723c751e8b465ee728b)
Start importing Assets/Art/Potions/CondensedPotion01.png using Guid(cce8eace096bab348830cc5152e0060b) Importer(815301076,1909f56bfc062723c751e8b465ee728b)  -> (artifact id: '09f95059ba765a114d83ba2e6847c416') in 0.046326 seconds 
  Import took 0.049419 seconds .

========================================================================
Received Import Request.
  Time since last request: 0.578691 seconds.
  path: Assets/Art/Potions/CondensedPotion02.png
  artifactKey: Guid(fbec51fa1f6aa8f4288a33df97776019) Importer(815301076,1909f56bfc062723c751e8b465ee728b)
Start importing Assets/Art/Potions/CondensedPotion02.png using Guid(fbec51fa1f6aa8f4288a33df97776019) Importer(815301076,1909f56bfc062723c751e8b465ee728b)  -> (artifact id: '77580b1d6159b402c5b49333afb6a108') in 0.012714 seconds 
  Import took 0.016588 seconds .

========================================================================
Received Import Request.
  Time since last request: 13.157045 seconds.
  path: Assets/Art/Potions/Potion03.png
  artifactKey: Guid(9e110d91ce4b25c49927234719df9afb) Importer(815301076,1909f56bfc062723c751e8b465ee728b)
Start importing Assets/Art/Potions/Potion03.png using Guid(9e110d91ce4b25c49927234719df9afb) Importer(815301076,1909f56bfc062723c751e8b465ee728b)  -> (artifact id: '867f9d5e8fede53f27eef18d5ddce0dd') in 0.012887 seconds 
  Import took 0.016370 seconds .

========================================================================
Received Prepare
Registering precompiled user dll's ...
Registered in 0.003170 seconds.
Begin MonoManager ReloadAssembly
Native extension for WindowsStandalone target not found
Refreshing native plugins compatible for Editor in 0.56 ms, found 3 plugins.
Preloading 0 native plugins for Editor in 0.00 ms.
Mono: successfully reloaded assembly
- Completed reload, in  0.877 seconds
Domain Reload Profiling:
	ReloadAssembly (878ms)
		BeginReloadAssembly (96ms)
			ExecutionOrderSort (0ms)
			DisableScriptedObjects (5ms)
			BackupInstance (0ms)
			ReleaseScriptingObjects (0ms)
			CreateAndSetChildDomain (29ms)
		EndReloadAssembly (737ms)
			LoadAssemblies (73ms)
			RebuildTransferFunctionScriptingTraits (0ms)
			SetupTypeCache (248ms)
			ReleaseScriptCaches (1ms)
			RebuildScriptCaches (37ms)
			SetupLoadedEditorAssemblies (294ms)
				LogAssemblyErrors (0ms)
				InitializePlatformSupportModulesInManaged (4ms)
				SetLoadedEditorAssemblies (0ms)
				RefreshPlugins (1ms)
				BeforeProcessingInitializeOnLoad (68ms)
				ProcessInitializeOnLoadAttributes (210ms)
				ProcessInitializeOnLoadMethodAttributes (9ms)
				AfterProcessingInitializeOnLoad (2ms)
				EditorAssembliesLoaded (0ms)
			ExecutionOrderSort2 (0ms)
			AwakeInstancesAfterBackupRestoration (7ms)
Platform modules already initialized, skipping
Refreshing native plugins compatible for Editor in 0.46 ms, found 3 plugins.
Preloading 0 native plugins for Editor in 0.00 ms.
Unloading 2342 Unused Serialized files (Serialized files now loaded: 0)
System memory in use before: 104.6 MB.
System memory in use after: 104.8 MB.

Unloading 18 unused Assets to reduce memory usage. Loaded Objects now: 2843.
Total: 3.249900 ms (FindLiveObjects: 0.228800 ms CreateObjectMapping: 0.102300 ms MarkObjects: 2.901800 ms  DeleteObjects: 0.016000 ms)

AssetImportParameters requested are different than current active one (requested -> active):
  custom:framework-win-MediaFoundation: 216162199b28c13a410421893ffa2e32 -> 
  custom:video-decoder-ogg-theora: a1e56fd34408186e4bbccfd4996cb3dc -> 
  custom:container-muxer-webm: aa71ff27fc2769a1b78a27578f13a17b -> 
  custom:container-demuxer-webm: 4f35f7cbe854078d1ac9338744f61a02 -> 
  custom:container-demuxer-ogg: 62fdf1f143b41e24485cea50d1cbac27 -> 
  custom:video-encoder-webm-vp8: eb34c28f22e8b96e1ab97ce403110664 -> 
  custom:video-decoder-webm-vp8: 9c59270c3fd7afecdb556c50c9e8de78 -> 
  custom:audio-decoder-ogg-vorbis: bf7c407c2cedff20999df2af8eb42d56 -> 
  custom:audio-encoder-webm-vorbis: bf7c407c2cedff20999df2af8eb42d56 -> 
========================================================================
Received Prepare
Registering precompiled user dll's ...
Registered in 0.002647 seconds.
Begin MonoManager ReloadAssembly
Native extension for WindowsStandalone target not found
Refreshing native plugins compatible for Editor in 0.68 ms, found 3 plugins.
Preloading 0 native plugins for Editor in 0.00 ms.
Mono: successfully reloaded assembly
- Completed reload, in  0.859 seconds
Domain Reload Profiling:
	ReloadAssembly (860ms)
		BeginReloadAssembly (102ms)
			ExecutionOrderSort (0ms)
			DisableScriptedObjects (5ms)
			BackupInstance (0ms)
			ReleaseScriptingObjects (0ms)
			CreateAndSetChildDomain (29ms)
		EndReloadAssembly (712ms)
			LoadAssemblies (72ms)
			RebuildTransferFunctionScriptingTraits (0ms)
			SetupTypeCache (246ms)
			ReleaseScriptCaches (1ms)
			RebuildScriptCaches (37ms)
			SetupLoadedEditorAssemblies (269ms)
				LogAssemblyErrors (0ms)
				InitializePlatformSupportModulesInManaged (5ms)
				SetLoadedEditorAssemblies (0ms)
				RefreshPlugins (1ms)
				BeforeProcessingInitializeOnLoad (62ms)
				ProcessInitializeOnLoadAttributes (190ms)
				ProcessInitializeOnLoadMethodAttributes (9ms)
				AfterProcessingInitializeOnLoad (2ms)
				EditorAssembliesLoaded (0ms)
			ExecutionOrderSort2 (0ms)
			AwakeInstancesAfterBackupRestoration (9ms)
Platform modules already initialized, skipping
Refreshing native plugins compatible for Editor in 0.49 ms, found 3 plugins.
Preloading 0 native plugins for Editor in 0.00 ms.
Unloading 2342 Unused Serialized files (Serialized files now loaded: 0)
System memory in use before: 104.7 MB.
System memory in use after: 104.9 MB.

Unloading 18 unused Assets to reduce memory usage. Loaded Objects now: 2845.
Total: 2.951700 ms (FindLiveObjects: 0.252400 ms CreateObjectMapping: 0.102300 ms MarkObjects: 2.581500 ms  DeleteObjects: 0.014600 ms)

AssetImportParameters requested are different than current active one (requested -> active):
  custom:framework-win-MediaFoundation: 216162199b28c13a410421893ffa2e32 -> 
  custom:video-decoder-ogg-theora: a1e56fd34408186e4bbccfd4996cb3dc -> 
  custom:container-muxer-webm: aa71ff27fc2769a1b78a27578f13a17b -> 
  custom:container-demuxer-webm: 4f35f7cbe854078d1ac9338744f61a02 -> 
  custom:container-demuxer-ogg: 62fdf1f143b41e24485cea50d1cbac27 -> 
  custom:video-encoder-webm-vp8: eb34c28f22e8b96e1ab97ce403110664 -> 
  custom:video-decoder-webm-vp8: 9c59270c3fd7afecdb556c50c9e8de78 -> 
  custom:audio-decoder-ogg-vorbis: bf7c407c2cedff20999df2af8eb42d56 -> 
  custom:audio-encoder-webm-vorbis: bf7c407c2cedff20999df2af8eb42d56 -> 
========================================================================
Received Prepare
Registering precompiled user dll's ...
Registered in 0.002708 seconds.
Begin MonoManager ReloadAssembly
Native extension for WindowsStandalone target not found
Refreshing native plugins compatible for Editor in 0.44 ms, found 3 plugins.
Preloading 0 native plugins for Editor in 0.00 ms.
Mono: successfully reloaded assembly
- Completed reload, in  0.846 seconds
Domain Reload Profiling:
	ReloadAssembly (846ms)
		BeginReloadAssembly (105ms)
			ExecutionOrderSort (0ms)
			DisableScriptedObjects (5ms)
			BackupInstance (0ms)
			ReleaseScriptingObjects (0ms)
			CreateAndSetChildDomain (31ms)
		EndReloadAssembly (696ms)
			LoadAssemblies (74ms)
			RebuildTransferFunctionScriptingTraits (0ms)
			SetupTypeCache (235ms)
			ReleaseScriptCaches (1ms)
			RebuildScriptCaches (38ms)
			SetupLoadedEditorAssemblies (265ms)
				LogAssemblyErrors (0ms)
				InitializePlatformSupportModulesInManaged (4ms)
				SetLoadedEditorAssemblies (0ms)
				RefreshPlugins (0ms)
				BeforeProcessingInitializeOnLoad (66ms)
				ProcessInitializeOnLoadAttributes (183ms)
				ProcessInitializeOnLoadMethodAttributes (9ms)
				AfterProcessingInitializeOnLoad (2ms)
				EditorAssembliesLoaded (0ms)
			ExecutionOrderSort2 (0ms)
			AwakeInstancesAfterBackupRestoration (8ms)
Platform modules already initialized, skipping
Refreshing native plugins compatible for Editor in 0.46 ms, found 3 plugins.
Preloading 0 native plugins for Editor in 0.00 ms.
Unloading 2342 Unused Serialized files (Serialized files now loaded: 0)
System memory in use before: 104.7 MB.
System memory in use after: 104.9 MB.

Unloading 18 unused Assets to reduce memory usage. Loaded Objects now: 2847.
Total: 2.826000 ms (FindLiveObjects: 0.196500 ms CreateObjectMapping: 0.087500 ms MarkObjects: 2.529200 ms  DeleteObjects: 0.012200 ms)

AssetImportParameters requested are different than current active one (requested -> active):
  custom:framework-win-MediaFoundation: 216162199b28c13a410421893ffa2e32 -> 
  custom:video-decoder-ogg-theora: a1e56fd34408186e4bbccfd4996cb3dc -> 
  custom:container-muxer-webm: aa71ff27fc2769a1b78a27578f13a17b -> 
  custom:container-demuxer-webm: 4f35f7cbe854078d1ac9338744f61a02 -> 
  custom:container-demuxer-ogg: 62fdf1f143b41e24485cea50d1cbac27 -> 
  custom:video-encoder-webm-vp8: eb34c28f22e8b96e1ab97ce403110664 -> 
  custom:video-decoder-webm-vp8: 9c59270c3fd7afecdb556c50c9e8de78 -> 
  custom:audio-decoder-ogg-vorbis: bf7c407c2cedff20999df2af8eb42d56 -> 
  custom:audio-encoder-webm-vorbis: bf7c407c2cedff20999df2af8eb42d56 -> 
========================================================================
Received Import Request.
  Time since last request: 475.857227 seconds.
  path: Assets/Scripts/Inventory/Items/Inv_Resources/PlantA.asset
  artifactKey: Guid(64db0500d74f24744bc5992771474c24) Importer(815301076,1909f56bfc062723c751e8b465ee728b)
Start importing Assets/Scripts/Inventory/Items/Inv_Resources/PlantA.asset using Guid(64db0500d74f24744bc5992771474c24) Importer(815301076,1909f56bfc062723c751e8b465ee728b)  -> (artifact id: 'e0affaac7f3a4fa578e23efa2a02b639') in 0.019775 seconds 
  Import took 0.033821 seconds .

========================================================================
Received Import Request.
  Time since last request: 0.000247 seconds.
  path: Assets/Scripts/Inventory/Items/Inv_Resources/PlantC.asset
  artifactKey: Guid(9d1b686420167f44faf4938a1afd63da) Importer(815301076,1909f56bfc062723c751e8b465ee728b)
Start importing Assets/Scripts/Inventory/Items/Inv_Resources/PlantC.asset using Guid(9d1b686420167f44faf4938a1afd63da) Importer(815301076,1909f56bfc062723c751e8b465ee728b)  -> (artifact id: '5c1f57325259582d68a76980625dc916') in 0.003487 seconds 
  Import took 0.012646 seconds .

========================================================================
Received Import Request.
  Time since last request: 0.000251 seconds.
  path: Assets/Scripts/Inventory/Items/Inv_Products/PotionA.asset
  artifactKey: Guid(194675b871a7b684eb99aef8364187c5) Importer(815301076,1909f56bfc062723c751e8b465ee728b)
Start importing Assets/Scripts/Inventory/Items/Inv_Products/PotionA.asset using Guid(194675b871a7b684eb99aef8364187c5) Importer(815301076,1909f56bfc062723c751e8b465ee728b)  -> (artifact id: 'cce07c028f4f61221509c8058c522bb7') in 0.005464 seconds 
  Import took 0.009409 seconds .

========================================================================
Received Import Request.
  Time since last request: 0.000276 seconds.
  path: Assets/Scripts/Inventory/Items/Inv_Resources/PlantB.asset
  artifactKey: Guid(002a3a14ba08dd14dbb9a5bc9736b557) Importer(815301076,1909f56bfc062723c751e8b465ee728b)
Start importing Assets/Scripts/Inventory/Items/Inv_Resources/PlantB.asset using Guid(002a3a14ba08dd14dbb9a5bc9736b557) Importer(815301076,1909f56bfc062723c751e8b465ee728b)  -> (artifact id: '26260a2ae5b343eabf33e21108e3bad7') in 0.014462 seconds 
  Import took 0.017718 seconds .

========================================================================
Received Import Request.
  Time since last request: 0.000252 seconds.
  path: Assets/Scripts/Inventory/Items/Inv_Products/PotionB.asset
  artifactKey: Guid(1aed0f604c0b8dd4ea53a63e681d8847) Importer(815301076,1909f56bfc062723c751e8b465ee728b)
Start importing Assets/Scripts/Inventory/Items/Inv_Products/PotionB.asset using Guid(1aed0f604c0b8dd4ea53a63e681d8847) Importer(815301076,1909f56bfc062723c751e8b465ee728b)  -> (artifact id: '3c9f6123106108ce74817860299f6a45') in 0.003794 seconds 
  Import took 0.014996 seconds .

AssetImportWorkerClient::OnTransportError - code=2 error=End of file
